This is XeTeX, Version 3.141592653-2.6-0.999995 (TeX Live 2023) (preloaded format=xelatex 2023.3.25)  16 JAN 2024 17:09
entering extended mode
 restricted \write18 enabled.
 %&-line parsing enabled.
**index.tex
(./index.tex
LaTeX2e <2022-11-01> patch level 1
L3 programming layer <2023-02-22> (/usr/local/texlive/2023/texmf-dist/tex/latex
/koma-script/scrreport.cls
Document Class: scrreport 2022/10/12 v3.38 KOMA-Script document class (report)
(/usr/local/texlive/2023/texmf-dist/tex/latex/koma-script/scrreprt.cls
Document Class: scrreprt 2022/10/12 v3.38 KOMA-Script document class (report)
(/usr/local/texlive/2023/texmf-dist/tex/latex/koma-script/scrkbase.sty
Package: scrkbase 2022/10/12 v3.38 KOMA-Script package (KOMA-Script-dependent b
asics and keyval usage)
(/usr/local/texlive/2023/texmf-dist/tex/latex/koma-script/scrbase.sty
Package: scrbase 2022/10/12 v3.38 KOMA-Script package (KOMA-Script-independent 
basics and keyval usage)
(/usr/local/texlive/2023/texmf-dist/tex/latex/koma-script/scrlfile.sty
Package: scrlfile 2022/10/12 v3.38 KOMA-Script package (file load hooks)
(/usr/local/texlive/2023/texmf-dist/tex/latex/koma-script/scrlfile-hook.sty
Package: scrlfile-hook 2022/10/12 v3.38 KOMA-Script package (using LaTeX hooks)

(/usr/local/texlive/2023/texmf-dist/tex/latex/koma-script/scrlogo.sty
Package: scrlogo 2022/10/12 v3.38 KOMA-Script package (logo)
))) (/usr/local/texlive/2023/texmf-dist/tex/latex/graphics/keyval.sty
Package: keyval 2022/05/29 v1.15 key=value parser (DPC)
\KV@toks@=\toks16
)
Applying: [2021/05/01] Usage of raw or classic option list on input line 252.
Already applied: [0000/00/00] Usage of raw or classic option list on input line
 368.
)) (/usr/local/texlive/2023/texmf-dist/tex/latex/koma-script/tocbasic.sty
Package: tocbasic 2022/10/12 v3.38 KOMA-Script package (handling toc-files)
\scr@dte@tocline@numberwidth=\skip48
\scr@dte@tocline@numbox=\box51
)
Package tocbasic Info: omitting babel extension for `toc'
(tocbasic)             because of feature `nobabel' available
(tocbasic)             for `toc' on input line 137.
Class scrreprt Info: File `scrsize11pt.clo' used instead of
(scrreprt)           file `scrsize11.clo' to setup font sizes on input line 261
4.
(/usr/local/texlive/2023/texmf-dist/tex/latex/koma-script/scrsize11pt.clo
File: scrsize11pt.clo 2022/10/12 v3.38 KOMA-Script font size class option (11pt
)
) (/usr/local/texlive/2023/texmf-dist/tex/latex/koma-script/typearea.sty
Package: typearea 2022/10/12 v3.38 KOMA-Script package (type area)
\ta@bcor=\skip49
\ta@div=\count181
Package typearea Info: You've used standard option `letterpaper'.
(typearea)             This is correct!
(typearea)             Internally I'm using `paper=letter'.
(typearea)             If you'd like to set the option with \KOMAoptions,
(typearea)             you'd have to use `paper=letter' there
(typearea)             instead of `letterpaper', too.
\ta@hblk=\skip50
\ta@vblk=\skip51
\ta@temp=\skip52
\footheight=\skip53
Package typearea Info: These are the values describing the layout:
(typearea)             DIV  = 11
(typearea)             BCOR = 0.0pt
(typearea)             \paperwidth      = 614.295pt
(typearea)              \textwidth      = 446.76004pt
(typearea)              DIV departure   = -14%
(typearea)              \evensidemargin = 11.49748pt
(typearea)              \oddsidemargin  = 11.49748pt
(typearea)             \paperheight     = 794.96999pt
(typearea)              \textheight     = 582.20026pt
(typearea)              \topmargin      = -37.40001pt
(typearea)              \headheight     = 17.0pt
(typearea)              \headsep        = 20.40001pt
(typearea)              \topskip        = 11.0pt
(typearea)              \footskip       = 47.6pt
(typearea)              \baselineskip   = 13.6pt
(typearea)              on input line 1767.
)
\c@part=\count182
\c@chapter=\count183
\c@section=\count184
\c@subsection=\count185
\c@subsubsection=\count186
\c@paragraph=\count187
\c@subparagraph=\count188
\scr@dte@chapter@maxnumwidth=\skip54
Class scrreprt Info: using compatibility default `afterindent=bysign'
(scrreprt)           for `\chapter on input line 5902.
\scr@dte@section@maxnumwidth=\skip55
Class scrreprt Info: using compatibility default `runin=bysign'
(scrreprt)           for `\section on input line 5913.
Class scrreprt Info: using compatibility default `afterindent=bysign'
(scrreprt)           for `\section on input line 5913.
\scr@dte@part@maxnumwidth=\skip56
Class scrreprt Info: using compatibility default `afterindent=true'
(scrreprt)           for `\part on input line 5922.
\scr@dte@subsection@maxnumwidth=\skip57
Class scrreprt Info: using compatibility default `runin=bysign'
(scrreprt)           for `\subsection on input line 5932.
Class scrreprt Info: using compatibility default `afterindent=bysign'
(scrreprt)           for `\subsection on input line 5932.
\scr@dte@subsubsection@maxnumwidth=\skip58
Class scrreprt Info: using compatibility default `runin=bysign'
(scrreprt)           for `\subsubsection on input line 5942.
Class scrreprt Info: using compatibility default `afterindent=bysign'
(scrreprt)           for `\subsubsection on input line 5942.
\scr@dte@paragraph@maxnumwidth=\skip59
Class scrreprt Info: using compatibility default `runin=bysign'
(scrreprt)           for `\paragraph on input line 5953.
Class scrreprt Info: using compatibility default `afterindent=bysign'
(scrreprt)           for `\paragraph on input line 5953.
\scr@dte@subparagraph@maxnumwidth=\skip60
Class scrreprt Info: using compatibility default `runin=bysign'
(scrreprt)           for `\subparagraph on input line 5963.
Class scrreprt Info: using compatibility default `afterindent=bysign'
(scrreprt)           for `\subparagraph on input line 5963.
\abovecaptionskip=\skip61
\belowcaptionskip=\skip62
\c@pti@nb@sid@b@x=\box52
Package tocbasic Info: omitting babel extension for `lof'
(tocbasic)             because of feature `nobabel' available
(tocbasic)             for `lof' on input line 7140.
\scr@dte@figure@maxnumwidth=\skip63
\c@figure=\count189
Package tocbasic Info: omitting babel extension for `lot'
(tocbasic)             because of feature `nobabel' available
(tocbasic)             for `lot' on input line 7157.
\scr@dte@table@maxnumwidth=\skip64
\c@table=\count190
Class scrreprt Info: Redefining `\numberline' on input line 7328.
\bibindent=\dimen140
)) (/usr/local/texlive/2023/texmf-dist/tex/latex/amsmath/amsmath.sty
Package: amsmath 2022/04/08 v2.17n AMS math features
\@mathmargin=\skip65
For additional information on amsmath, use the `?' option.
(/usr/local/texlive/2023/texmf-dist/tex/latex/amsmath/amstext.sty
Package: amstext 2021/08/26 v2.01 AMS text
(/usr/local/texlive/2023/texmf-dist/tex/latex/amsmath/amsgen.sty
File: amsgen.sty 1999/11/30 v2.0 generic functions
\@emptytoks=\toks17
\ex@=\dimen141
)) (/usr/local/texlive/2023/texmf-dist/tex/latex/amsmath/amsbsy.sty
Package: amsbsy 1999/11/29 v1.2d Bold Symbols
\pmbraise@=\dimen142
) (/usr/local/texlive/2023/texmf-dist/tex/latex/amsmath/amsopn.sty
Package: amsopn 2022/04/08 v2.04 operator names
)
\inf@bad=\count191
LaTeX Info: Redefining \frac on input line 234.
\uproot@=\count192
\leftroot@=\count193
LaTeX Info: Redefining \overline on input line 399.
LaTeX Info: Redefining \colon on input line 410.
\classnum@=\count194
\DOTSCASE@=\count195
LaTeX Info: Redefining \ldots on input line 496.
LaTeX Info: Redefining \dots on input line 499.
LaTeX Info: Redefining \cdots on input line 620.
\Mathstrutbox@=\box53
\strutbox@=\box54
LaTeX Info: Redefining \big on input line 722.
LaTeX Info: Redefining \Big on input line 723.
LaTeX Info: Redefining \bigg on input line 724.
LaTeX Info: Redefining \Bigg on input line 725.
\big@size=\dimen143
LaTeX Font Info:    Redeclaring font encoding OML on input line 743.
LaTeX Font Info:    Redeclaring font encoding OMS on input line 744.
\macc@depth=\count196
LaTeX Info: Redefining \bmod on input line 905.
LaTeX Info: Redefining \pmod on input line 910.
LaTeX Info: Redefining \smash on input line 940.
LaTeX Info: Redefining \relbar on input line 970.
LaTeX Info: Redefining \Relbar on input line 971.
\c@MaxMatrixCols=\count197
\dotsspace@=\muskip16
\c@parentequation=\count198
\dspbrk@lvl=\count199
\tag@help=\toks18
\row@=\count266
\column@=\count267
\maxfields@=\count268
\andhelp@=\toks19
\eqnshift@=\dimen144
\alignsep@=\dimen145
\tagshift@=\dimen146
\tagwidth@=\dimen147
\totwidth@=\dimen148
\lineht@=\dimen149
\@envbody=\toks20
\multlinegap=\skip66
\multlinetaggap=\skip67
\mathdisplay@stack=\toks21
LaTeX Info: Redefining \[ on input line 2953.
LaTeX Info: Redefining \] on input line 2954.
) (/usr/local/texlive/2023/texmf-dist/tex/latex/amsfonts/amssymb.sty
Package: amssymb 2013/01/14 v3.01 AMS font symbols
(/usr/local/texlive/2023/texmf-dist/tex/latex/amsfonts/amsfonts.sty
Package: amsfonts 2013/01/14 v3.01 Basic AMSFonts support
\symAMSa=\mathgroup4
\symAMSb=\mathgroup5
LaTeX Font Info:    Redeclaring math symbol \hbar on input line 98.
LaTeX Font Info:    Overwriting math alphabet `\mathfrak' in version `bold'
(Font)                  U/euf/m/n --> U/euf/b/n on input line 106.
)) (/usr/local/texlive/2023/texmf-dist/tex/generic/iftex/iftex.sty
Package: iftex 2022/02/03 v1.0f TeX engine tests
) (/usr/local/texlive/2023/texmf-dist/tex/latex/unicode-math/unicode-math.sty (
/usr/local/texlive/2023/texmf-dist/tex/latex/l3kernel/expl3.sty
Package: expl3 2023-02-22 L3 programming layer (loader) 
(/usr/local/texlive/2023/texmf-dist/tex/latex/l3backend/l3backend-xetex.def
File: l3backend-xetex.def 2023-01-16 L3 backend support: XeTeX
\g__graphics_track_int=\count269
\l__pdf_internal_box=\box55
\g__pdf_backend_object_int=\count270
\g__pdf_backend_annotation_int=\count271
\g__pdf_backend_link_int=\count272
))
Package: unicode-math 2020/01/31 v0.8q Unicode maths in XeLaTeX and LuaLaTeX

(/usr/local/texlive/2023/texmf-dist/tex/latex/unicode-math/unicode-math-xetex.s
ty
Package: unicode-math-xetex 2020/01/31 v0.8q Unicode maths in XeLaTeX and LuaLa
TeX
(/usr/local/texlive/2023/texmf-dist/tex/latex/l3packages/xparse/xparse.sty
Package: xparse 2023-02-02 L3 Experimental document command parser
) (/usr/local/texlive/2023/texmf-dist/tex/latex/l3packages/l3keys2e/l3keys2e.st
y
Package: l3keys2e 2023-02-02 LaTeX2e option processing using LaTeX3 keys
) (/usr/local/texlive/2023/texmf-dist/tex/latex/fontspec/fontspec.sty
Package: fontspec 2022/01/15 v2.8a Font selection for XeLaTeX and LuaLaTeX
(/usr/local/texlive/2023/texmf-dist/tex/latex/fontspec/fontspec-xetex.sty
Package: fontspec-xetex 2022/01/15 v2.8a Font selection for XeLaTeX and LuaLaTe
X
\l__fontspec_script_int=\count273
\l__fontspec_language_int=\count274
\l__fontspec_strnum_int=\count275
\l__fontspec_tmp_int=\count276
\l__fontspec_tmpa_int=\count277
\l__fontspec_tmpb_int=\count278
\l__fontspec_tmpc_int=\count279
\l__fontspec_em_int=\count280
\l__fontspec_emdef_int=\count281
\l__fontspec_strong_int=\count282
\l__fontspec_strongdef_int=\count283
\l__fontspec_tmpa_dim=\dimen150
\l__fontspec_tmpb_dim=\dimen151
\l__fontspec_tmpc_dim=\dimen152
(/usr/local/texlive/2023/texmf-dist/tex/latex/base/fontenc.sty
Package: fontenc 2021/04/29 v2.0v Standard LaTeX package
) (/usr/local/texlive/2023/texmf-dist/tex/latex/fontspec/fontspec.cfg))) (/usr/
local/texlive/2023/texmf-dist/tex/latex/base/fix-cm.sty
Package: fix-cm 2020/11/24 v1.1t fixes to LaTeX
(/usr/local/texlive/2023/texmf-dist/tex/latex/base/ts1enc.def
File: ts1enc.def 2001/06/05 v3.0e (jk/car/fm) Standard LaTeX file
LaTeX Font Info:    Redeclaring font encoding TS1 on input line 47.
))
\g__um_fam_int=\count284
\g__um_fonts_used_int=\count285
\l__um_primecount_int=\count286
\g__um_primekern_muskip=\muskip17

(/usr/local/texlive/2023/texmf-dist/tex/latex/unicode-math/unicode-math-table.t
ex))) (/usr/local/texlive/2023/texmf-dist/tex/latex/lm/lmodern.sty
Package: lmodern 2015/05/01 v1.6.1 Latin Modern Fonts
LaTeX Font Info:    Overwriting symbol font `operators' in version `normal'
(Font)                  OT1/cmr/m/n --> OT1/lmr/m/n on input line 22.
LaTeX Font Info:    Overwriting symbol font `letters' in version `normal'
(Font)                  OML/cmm/m/it --> OML/lmm/m/it on input line 23.
LaTeX Font Info:    Overwriting symbol font `symbols' in version `normal'
(Font)                  OMS/cmsy/m/n --> OMS/lmsy/m/n on input line 24.
LaTeX Font Info:    Overwriting symbol font `largesymbols' in version `normal'
(Font)                  OMX/cmex/m/n --> OMX/lmex/m/n on input line 25.
LaTeX Font Info:    Overwriting symbol font `operators' in version `bold'
(Font)                  OT1/cmr/bx/n --> OT1/lmr/bx/n on input line 26.
LaTeX Font Info:    Overwriting symbol font `letters' in version `bold'
(Font)                  OML/cmm/b/it --> OML/lmm/b/it on input line 27.
LaTeX Font Info:    Overwriting symbol font `symbols' in version `bold'
(Font)                  OMS/cmsy/b/n --> OMS/lmsy/b/n on input line 28.
LaTeX Font Info:    Overwriting symbol font `largesymbols' in version `bold'
(Font)                  OMX/cmex/m/n --> OMX/lmex/m/n on input line 29.
LaTeX Font Info:    Overwriting math alphabet `\mathbf' in version `normal'
(Font)                  OT1/cmr/bx/n --> OT1/lmr/bx/n on input line 31.
LaTeX Font Info:    Overwriting math alphabet `\mathsf' in version `normal'
(Font)                  OT1/cmss/m/n --> OT1/lmss/m/n on input line 32.
LaTeX Font Info:    Overwriting math alphabet `\mathit' in version `normal'
(Font)                  OT1/cmr/m/it --> OT1/lmr/m/it on input line 33.
LaTeX Font Info:    Overwriting math alphabet `\mathtt' in version `normal'
(Font)                  OT1/cmtt/m/n --> OT1/lmtt/m/n on input line 34.
LaTeX Font Info:    Overwriting math alphabet `\mathbf' in version `bold'
(Font)                  OT1/cmr/bx/n --> OT1/lmr/bx/n on input line 35.
LaTeX Font Info:    Overwriting math alphabet `\mathsf' in version `bold'
(Font)                  OT1/cmss/bx/n --> OT1/lmss/bx/n on input line 36.
LaTeX Font Info:    Overwriting math alphabet `\mathit' in version `bold'
(Font)                  OT1/cmr/bx/it --> OT1/lmr/bx/it on input line 37.
LaTeX Font Info:    Overwriting math alphabet `\mathtt' in version `bold'
(Font)                  OT1/cmtt/m/n --> OT1/lmtt/m/n on input line 38.
) (/usr/local/texlive/2023/texmf-dist/tex/latex/upquote/upquote.sty
Package: upquote 2012/04/19 v1.3 upright-quote and grave-accent glyphs in verba
tim
(/usr/local/texlive/2023/texmf-dist/tex/latex/base/textcomp.sty
Package: textcomp 2020/02/02 v2.0n Standard LaTeX package
)) (/usr/local/texlive/2023/texmf-dist/tex/latex/microtype/microtype.sty
Package: microtype 2023/03/13 v3.1a Micro-typographical refinements (RS)
(/usr/local/texlive/2023/texmf-dist/tex/latex/etoolbox/etoolbox.sty
Package: etoolbox 2020/10/05 v2.5k e-TeX tools for LaTeX (JAW)
\etb@tempcnta=\count287
)
\MT@toks=\toks22
\MT@tempbox=\box56
\MT@count=\count288
LaTeX Info: Redefining \noprotrusionifhmode on input line 1059.
LaTeX Info: Redefining \leftprotrusion on input line 1060.
\MT@prot@toks=\toks23
LaTeX Info: Redefining \rightprotrusion on input line 1078.
LaTeX Info: Redefining \textls on input line 1368.
\MT@outer@kern=\dimen153
LaTeX Info: Redefining \textmicrotypecontext on input line 1988.
\MT@listname@count=\count289
(/usr/local/texlive/2023/texmf-dist/tex/latex/microtype/microtype-xetex.def
File: microtype-xetex.def 2023/03/13 v3.1a Definitions specific to xetex (RS)
LaTeX Info: Redefining \lsstyle on input line 238.
)
Package microtype Info: Loading configuration file microtype.cfg.
(/usr/local/texlive/2023/texmf-dist/tex/latex/microtype/microtype.cfg
File: microtype.cfg 2023/03/13 v3.1a microtype main configuration file (RS)
)) (/usr/local/texlive/2023/texmf-dist/tex/latex/xcolor/xcolor.sty
Package: xcolor 2022/06/12 v2.14 LaTeX color extensions (UK)
(/usr/local/texlive/2023/texmf-dist/tex/latex/graphics-cfg/color.cfg
File: color.cfg 2016/01/02 v1.6 sample color configuration
)
Package xcolor Info: Driver file: xetex.def on input line 227.
(/usr/local/texlive/2023/texmf-dist/tex/latex/graphics-def/xetex.def
File: xetex.def 2022/09/22 v5.0n Graphics/color driver for xetex
) (/usr/local/texlive/2023/texmf-dist/tex/latex/graphics/mathcolor.ltx)
Package xcolor Info: Model `cmy' substituted by `cmy0' on input line 1353.
Package xcolor Info: Model `RGB' extended on input line 1369.
Package xcolor Info: Model `HTML' substituted by `rgb' on input line 1371.
Package xcolor Info: Model `Hsb' substituted by `hsb' on input line 1372.
Package xcolor Info: Model `tHsb' substituted by `hsb' on input line 1373.
Package xcolor Info: Model `HSB' substituted by `hsb' on input line 1374.
Package xcolor Info: Model `Gray' substituted by `gray' on input line 1375.
Package xcolor Info: Model `wave' substituted by `hsb' on input line 1376.
(/usr/local/texlive/2023/texmf-dist/tex/latex/graphics/dvipsnam.def
File: dvipsnam.def 2016/06/17 v3.0m Driver-dependent file (DPC,SPQR)
) (/usr/local/texlive/2023/texmf-dist/tex/latex/xcolor/svgnam.def
File: svgnam.def 2022/06/12 v2.14 Predefined colors according to SVG 1.1 (UK)
) (/usr/local/texlive/2023/texmf-dist/tex/latex/xcolor/x11nam.def
File: x11nam.def 2022/06/12 v2.14 Predefined colors according to Unix/X11 (UK)
)) (/usr/local/texlive/2023/texmf-dist/tex/generic/soul/soul.sty
Package: soul 2023-02-18 v3.0 Permit use of UTF-8 characters in soul (HO)
(/usr/local/texlive/2023/texmf-dist/tex/generic/soul/soul-ori.sty
Package: soul-ori 2023-02-18 v3.0 letterspacing/underlining (mf)
\SOUL@word=\toks24
\SOUL@lasttoken=\toks25
\SOUL@syllable=\toks26
\SOUL@cmds=\toks27
\SOUL@buffer=\toks28
\SOUL@token=\toks29
\SOUL@syllgoal=\dimen154
\SOUL@syllwidth=\dimen155
\SOUL@charkern=\dimen156
\SOUL@hyphkern=\dimen157
\SOUL@dimen=\dimen158
\SOUL@dimeni=\dimen159
\SOUL@minus=\count290
\SOUL@comma=\count291
\SOUL@apo=\count292
\SOUL@grave=\count293
\SOUL@spaceskip=\skip68
\SOUL@ttwidth=\dimen160
\SOUL@uldp=\dimen161
\SOUL@ulht=\dimen162
) (/usr/local/texlive/2023/texmf-dist/tex/generic/infwarerr/infwarerr.sty
Package: infwarerr 2019/12/03 v1.5 Providing info/warning/error messages (HO)
) (/usr/local/texlive/2023/texmf-dist/tex/generic/etexcmds/etexcmds.sty
Package: etexcmds 2019/12/15 v1.7 Avoid name clashes with e-TeX commands (HO)
)) (/usr/local/texlive/2023/texmf-dist/tex/latex/fancyvrb/fancyvrb.sty
Package: fancyvrb 2023/01/19 4.5a verbatim text (tvz,hv)
\FV@CodeLineNo=\count294
\FV@InFile=\read2
\FV@TabBox=\box57
\c@FancyVerbLine=\count295
\FV@StepNumber=\count296
\FV@OutFile=\write3
) (/usr/local/texlive/2023/texmf-dist/tex/latex/framed/framed.sty
Package: framed 2011/10/22 v 0.96: framed or shaded text with page breaks
\OuterFrameSep=\skip69
\fb@frw=\dimen163
\fb@frh=\dimen164
\FrameRule=\dimen165
\FrameSep=\dimen166
) (/usr/local/texlive/2023/texmf-dist/tex/latex/tools/longtable.sty
Package: longtable 2021-09-01 v4.17 Multi-page Table package (DPC)
\LTleft=\skip70
\LTright=\skip71
\LTpre=\skip72
\LTpost=\skip73
\LTchunksize=\count297
\LTcapwidth=\dimen167
\LT@head=\box58
\LT@firsthead=\box59
\LT@foot=\box60
\LT@lastfoot=\box61
\LT@gbox=\box62
\LT@cols=\count298
\LT@rows=\count299
\c@LT@tables=\count300
\c@LT@chunks=\count301
\LT@p@ftn=\toks30
)
Class scrreprt Info: longtable captions redefined on input line 99.
(/usr/local/texlive/2023/texmf-dist/tex/latex/booktabs/booktabs.sty
Package: booktabs 2020/01/12 v1.61803398 Publication quality tables
\heavyrulewidth=\dimen168
\lightrulewidth=\dimen169
\cmidrulewidth=\dimen170
\belowrulesep=\dimen171
\belowbottomsep=\dimen172
\aboverulesep=\dimen173
\abovetopsep=\dimen174
\cmidrulesep=\dimen175
\cmidrulekern=\dimen176
\defaultaddspace=\dimen177
\@cmidla=\count302
\@cmidlb=\count303
\@aboverulesep=\dimen178
\@belowrulesep=\dimen179
\@thisruleclass=\count304
\@lastruleclass=\count305
\@thisrulewidth=\dimen180
) (/usr/local/texlive/2023/texmf-dist/tex/latex/tools/array.sty
Package: array 2022/09/04 v2.5g Tabular extension package (FMi)
\col@sep=\dimen181
\ar@mcellbox=\box63
\extrarowheight=\dimen182
\NC@list=\toks31
\extratabsurround=\skip74
\backup@length=\skip75
\ar@cellbox=\box64
) (/usr/local/texlive/2023/texmf-dist/tex/latex/tools/calc.sty
Package: calc 2017/05/25 v4.3 Infix arithmetic (KKT,FJ)
\calc@Acount=\count306
\calc@Bcount=\count307
\calc@Adimen=\dimen183
\calc@Bdimen=\dimen184
\calc@Askip=\skip76
\calc@Bskip=\skip77
LaTeX Info: Redefining \setlength on input line 80.
LaTeX Info: Redefining \addtolength on input line 81.
\calc@Ccount=\count308
\calc@Cskip=\skip78
) (/usr/local/texlive/2023/texmf-dist/tex/latex/footnotehyper/footnotehyper.sty
Package: footnotehyper 2021/08/13 v1.1e hyperref aware footnote.sty (JFB)
\FNH@notes=\box65
\FNH@width=\dimen185
\FNH@toks=\toks32
) (/usr/local/texlive/2023/texmf-dist/tex/latex/graphics/graphicx.sty
Package: graphicx 2021/09/16 v1.2d Enhanced LaTeX Graphics (DPC,SPQR)
(/usr/local/texlive/2023/texmf-dist/tex/latex/graphics/graphics.sty
Package: graphics 2022/03/10 v1.4e Standard LaTeX Graphics (DPC,SPQR)
(/usr/local/texlive/2023/texmf-dist/tex/latex/graphics/trig.sty
Package: trig 2021/08/11 v1.11 sin cos tan (DPC)
) (/usr/local/texlive/2023/texmf-dist/tex/latex/graphics-cfg/graphics.cfg
File: graphics.cfg 2016/06/04 v1.11 sample graphics configuration
)
Package graphics Info: Driver file: xetex.def on input line 107.
)
\Gin@req@height=\dimen186
\Gin@req@width=\dimen187
) (/usr/local/texlive/2023/texmf-dist/tex/latex/bookmark/bookmark.sty
Package: bookmark 2020-11-06 v1.29 PDF bookmarks (HO)
(/usr/local/texlive/2023/texmf-dist/tex/latex/hyperref/hyperref.sty
Package: hyperref 2023-02-07 v7.00v Hypertext links for LaTeX
(/usr/local/texlive/2023/texmf-dist/tex/generic/ltxcmds/ltxcmds.sty
Package: ltxcmds 2020-05-10 v1.25 LaTeX kernel commands for general use (HO)
) (/usr/local/texlive/2023/texmf-dist/tex/generic/pdftexcmds/pdftexcmds.sty
Package: pdftexcmds 2020-06-27 v0.33 Utility functions of pdfTeX for LuaTeX (HO
)
Package pdftexcmds Info: \pdf@primitive is available.
Package pdftexcmds Info: \pdf@ifprimitive is available.
Package pdftexcmds Info: \pdfdraftmode not found.
) (/usr/local/texlive/2023/texmf-dist/tex/latex/kvsetkeys/kvsetkeys.sty
Package: kvsetkeys 2022-10-05 v1.19 Key value parser (HO)
) (/usr/local/texlive/2023/texmf-dist/tex/generic/kvdefinekeys/kvdefinekeys.sty
Package: kvdefinekeys 2019-12-19 v1.6 Define keys (HO)
) (/usr/local/texlive/2023/texmf-dist/tex/generic/pdfescape/pdfescape.sty
Package: pdfescape 2019/12/09 v1.15 Implements pdfTeX's escape features (HO)
) (/usr/local/texlive/2023/texmf-dist/tex/latex/hycolor/hycolor.sty
Package: hycolor 2020-01-27 v1.10 Color options for hyperref/bookmark (HO)
) (/usr/local/texlive/2023/texmf-dist/tex/latex/letltxmacro/letltxmacro.sty
Package: letltxmacro 2019/12/03 v1.6 Let assignment for LaTeX macros (HO)
) (/usr/local/texlive/2023/texmf-dist/tex/latex/auxhook/auxhook.sty
Package: auxhook 2019-12-17 v1.6 Hooks for auxiliary files (HO)
) (/usr/local/texlive/2023/texmf-dist/tex/latex/hyperref/nameref.sty
Package: nameref 2022-05-17 v2.50 Cross-referencing by name of section
(/usr/local/texlive/2023/texmf-dist/tex/latex/refcount/refcount.sty
Package: refcount 2019/12/15 v3.6 Data extraction from label references (HO)
)
(/usr/local/texlive/2023/texmf-dist/tex/generic/gettitlestring/gettitlestring.s
ty
Package: gettitlestring 2019/12/15 v1.6 Cleanup title references (HO)
(/usr/local/texlive/2023/texmf-dist/tex/latex/kvoptions/kvoptions.sty
Package: kvoptions 2022-06-15 v3.15 Key value format for package options (HO)
))
\c@section@level=\count309
)
\@linkdim=\dimen188
\Hy@linkcounter=\count310
\Hy@pagecounter=\count311
(/usr/local/texlive/2023/texmf-dist/tex/latex/hyperref/pd1enc.def
File: pd1enc.def 2023-02-07 v7.00v Hyperref: PDFDocEncoding definition (HO)
) (/usr/local/texlive/2023/texmf-dist/tex/generic/intcalc/intcalc.sty
Package: intcalc 2019/12/15 v1.3 Expandable calculations with integers (HO)
)
\Hy@SavedSpaceFactor=\count312
(/usr/local/texlive/2023/texmf-dist/tex/latex/hyperref/puenc.def
File: puenc.def 2023-02-07 v7.00v Hyperref: PDF Unicode definition (HO)
)
Package hyperref Info: Option `unicode' set `true' on input line 4060.
Package hyperref Info: Hyper figures OFF on input line 4177.
Package hyperref Info: Link nesting OFF on input line 4182.
Package hyperref Info: Hyper index ON on input line 4185.
Package hyperref Info: Plain pages OFF on input line 4192.
Package hyperref Info: Backreferencing OFF on input line 4197.
Package hyperref Info: Implicit mode ON; LaTeX internals redefined.
Package hyperref Info: Bookmarks ON on input line 4425.
\c@Hy@tempcnt=\count313
(/usr/local/texlive/2023/texmf-dist/tex/latex/url/url.sty
\Urlmuskip=\muskip18
Package: url 2013/09/16  ver 3.4  Verb mode for urls, etc.
)
LaTeX Info: Redefining \url on input line 4763.
\XeTeXLinkMargin=\dimen189
(/usr/local/texlive/2023/texmf-dist/tex/generic/bitset/bitset.sty
Package: bitset 2019/12/09 v1.3 Handle bit-vector datatype (HO)
(/usr/local/texlive/2023/texmf-dist/tex/generic/bigintcalc/bigintcalc.sty
Package: bigintcalc 2019/12/15 v1.5 Expandable calculations on big integers (HO
)
))
\Fld@menulength=\count314
\Field@Width=\dimen190
\Fld@charsize=\dimen191
Package hyperref Info: Hyper figures OFF on input line 6042.
Package hyperref Info: Link nesting OFF on input line 6047.
Package hyperref Info: Hyper index ON on input line 6050.
Package hyperref Info: backreferencing OFF on input line 6057.
Package hyperref Info: Link coloring OFF on input line 6062.
Package hyperref Info: Link coloring with OCG OFF on input line 6067.
Package hyperref Info: PDF/A mode OFF on input line 6072.
(/usr/local/texlive/2023/texmf-dist/tex/latex/base/atbegshi-ltx.sty
Package: atbegshi-ltx 2021/01/10 v1.0c Emulation of the original atbegshi
package with kernel methods
)
\Hy@abspage=\count315
\c@Item=\count316
\c@Hfootnote=\count317
)
Package hyperref Info: Driver (autodetected): hxetex.
(/usr/local/texlive/2023/texmf-dist/tex/latex/hyperref/hxetex.def
File: hxetex.def 2023-02-07 v7.00v Hyperref driver for XeTeX
(/usr/local/texlive/2023/texmf-dist/tex/generic/stringenc/stringenc.sty
Package: stringenc 2019/11/29 v1.12 Convert strings between diff. encodings (HO
)
)
\pdfm@box=\box66
\c@Hy@AnnotLevel=\count318
\HyField@AnnotCount=\count319
\Fld@listcount=\count320
\c@bookmark@seq@number=\count321

(/usr/local/texlive/2023/texmf-dist/tex/latex/rerunfilecheck/rerunfilecheck.sty
Package: rerunfilecheck 2022-07-10 v1.10 Rerun checks for auxiliary files (HO)
(/usr/local/texlive/2023/texmf-dist/tex/latex/base/atveryend-ltx.sty
Package: atveryend-ltx 2020/08/19 v1.0a Emulation of the original atveryend pac
kage
with kernel methods
)
(/usr/local/texlive/2023/texmf-dist/tex/generic/uniquecounter/uniquecounter.sty
Package: uniquecounter 2019/12/15 v1.4 Provide unlimited unique counter (HO)
)
Package uniquecounter Info: New unique counter `rerunfilecheck' on input line 2
85.
)
\Hy@SectionHShift=\skip79
) (/usr/local/texlive/2023/texmf-dist/tex/latex/bookmark/bkm-dvipdfm.def
File: bkm-dvipdfm.def 2020-11-06 v1.29 bookmark driver for dvipdfm (HO)
\BKM@id=\count322
)) (/usr/local/texlive/2023/texmf-dist/tex/latex/caption/caption.sty
Package: caption 2023/03/12 v3.6j Customizing captions (AR)
(/usr/local/texlive/2023/texmf-dist/tex/latex/caption/caption3.sty
Package: caption3 2023/03/12 v2.4 caption3 kernel (AR)
\caption@tempdima=\dimen192
\captionmargin=\dimen193
\caption@leftmargin=\dimen194
\caption@rightmargin=\dimen195
\caption@width=\dimen196
\caption@indent=\dimen197
\caption@parindent=\dimen198
\caption@hangindent=\dimen199
Package caption Info: KOMA-Script document class detected.
(/usr/local/texlive/2023/texmf-dist/tex/latex/caption/caption-koma.sto
File: caption-koma.sto 2022/12/27 v2.0c Adaption of the caption package to the 
KOMA-Script document classes (AR)
))
\c@caption@flags=\count323
\c@continuedfloat=\count324
Package caption Info: hyperref package is loaded.
Package caption Info: longtable package is loaded.
(/usr/local/texlive/2023/texmf-dist/tex/latex/caption/ltcaption.sty
Package: ltcaption 2021/01/08 v1.4c longtable captions (AR)
)
Package caption Info: KOMA-Script scrextend package detected.
\caption@addmargin@hsize=\dimen256
\caption@addmargin@linewidth=\dimen257
) (/usr/local/texlive/2023/texmf-dist/tex/latex/float/float.sty
Package: float 2001/11/08 v1.3d Float enhancements (AL)
\c@float@type=\count325
\float@exts=\toks33
\float@box=\box67
\@float@everytoks=\toks34
\@floatcapt=\box68
)
\@float@every@codelisting=\toks35
\c@codelisting=\count326
(/usr/local/texlive/2023/texmf-dist/tex/latex/caption/subcaption.sty
Package: subcaption 2023/02/19 v1.6 Sub-captions (AR)
Package caption Info: New subtype `subfigure' on input line 239.
\c@subfigure=\count327
Package caption Info: New subtype `subtable' on input line 239.
\c@subtable=\count328
) (/usr/local/texlive/2023/texmf-dist/tex/latex/tcolorbox/tcolorbox.sty
Package: tcolorbox 2023/02/12 version 6.0.1 text color boxes
(/usr/local/texlive/2023/texmf-dist/tex/latex/pgf/basiclayer/pgf.sty (/usr/loca
l/texlive/2023/texmf-dist/tex/latex/pgf/utilities/pgfrcs.sty
(/usr/local/texlive/2023/texmf-dist/tex/generic/pgf/utilities/pgfutil-common.te
x
\pgfutil@everybye=\toks36
\pgfutil@tempdima=\dimen258
\pgfutil@tempdimb=\dimen259
)
(/usr/local/texlive/2023/texmf-dist/tex/generic/pgf/utilities/pgfutil-latex.def
\pgfutil@abb=\box69
) (/usr/local/texlive/2023/texmf-dist/tex/generic/pgf/utilities/pgfrcs.code.tex
(/usr/local/texlive/2023/texmf-dist/tex/generic/pgf/pgf.revision.tex)
Package: pgfrcs 2023-01-15 v3.1.10 (3.1.10)
))
Package: pgf 2023-01-15 v3.1.10 (3.1.10)
(/usr/local/texlive/2023/texmf-dist/tex/latex/pgf/basiclayer/pgfcore.sty (/usr/
local/texlive/2023/texmf-dist/tex/latex/pgf/systemlayer/pgfsys.sty
(/usr/local/texlive/2023/texmf-dist/tex/generic/pgf/systemlayer/pgfsys.code.tex
Package: pgfsys 2023-01-15 v3.1.10 (3.1.10)
(/usr/local/texlive/2023/texmf-dist/tex/generic/pgf/utilities/pgfkeys.code.tex
\pgfkeys@pathtoks=\toks37
\pgfkeys@temptoks=\toks38

(/usr/local/texlive/2023/texmf-dist/tex/generic/pgf/utilities/pgfkeyslibraryfil
tered.code.tex
\pgfkeys@tmptoks=\toks39
))
\pgf@x=\dimen260
\pgf@y=\dimen261
\pgf@xa=\dimen262
\pgf@ya=\dimen263
\pgf@xb=\dimen264
\pgf@yb=\dimen265
\pgf@xc=\dimen266
\pgf@yc=\dimen267
\pgf@xd=\dimen268
\pgf@yd=\dimen269
\w@pgf@writea=\write4
\r@pgf@reada=\read3
\c@pgf@counta=\count329
\c@pgf@countb=\count330
\c@pgf@countc=\count331
\c@pgf@countd=\count332
\t@pgf@toka=\toks40
\t@pgf@tokb=\toks41
\t@pgf@tokc=\toks42
\pgf@sys@id@count=\count333
(/usr/local/texlive/2023/texmf-dist/tex/generic/pgf/systemlayer/pgf.cfg
File: pgf.cfg 2023-01-15 v3.1.10 (3.1.10)
)
Driver file for pgf: pgfsys-xetex.def

(/usr/local/texlive/2023/texmf-dist/tex/generic/pgf/systemlayer/pgfsys-xetex.de
f
File: pgfsys-xetex.def 2023-01-15 v3.1.10 (3.1.10)

(/usr/local/texlive/2023/texmf-dist/tex/generic/pgf/systemlayer/pgfsys-dvipdfmx
.def
File: pgfsys-dvipdfmx.def 2023-01-15 v3.1.10 (3.1.10)

(/usr/local/texlive/2023/texmf-dist/tex/generic/pgf/systemlayer/pgfsys-common-p
df.def
File: pgfsys-common-pdf.def 2023-01-15 v3.1.10 (3.1.10)
)
\pgfsys@objnum=\count334
)))
(/usr/local/texlive/2023/texmf-dist/tex/generic/pgf/systemlayer/pgfsyssoftpath.
code.tex
File: pgfsyssoftpath.code.tex 2023-01-15 v3.1.10 (3.1.10)
\pgfsyssoftpath@smallbuffer@items=\count335
\pgfsyssoftpath@bigbuffer@items=\count336
)
(/usr/local/texlive/2023/texmf-dist/tex/generic/pgf/systemlayer/pgfsysprotocol.
code.tex
File: pgfsysprotocol.code.tex 2023-01-15 v3.1.10 (3.1.10)
))
(/usr/local/texlive/2023/texmf-dist/tex/generic/pgf/basiclayer/pgfcore.code.tex
Package: pgfcore 2023-01-15 v3.1.10 (3.1.10)
(/usr/local/texlive/2023/texmf-dist/tex/generic/pgf/math/pgfmath.code.tex (/usr
/local/texlive/2023/texmf-dist/tex/generic/pgf/math/pgfmathutil.code.tex)
(/usr/local/texlive/2023/texmf-dist/tex/generic/pgf/math/pgfmathparser.code.tex
\pgfmath@dimen=\dimen270
\pgfmath@count=\count337
\pgfmath@box=\box70
\pgfmath@toks=\toks43
\pgfmath@stack@operand=\toks44
\pgfmath@stack@operation=\toks45
)
(/usr/local/texlive/2023/texmf-dist/tex/generic/pgf/math/pgfmathfunctions.code.
tex)
(/usr/local/texlive/2023/texmf-dist/tex/generic/pgf/math/pgfmathfunctions.basic
.code.tex)
(/usr/local/texlive/2023/texmf-dist/tex/generic/pgf/math/pgfmathfunctions.trigo
nometric.code.tex)
(/usr/local/texlive/2023/texmf-dist/tex/generic/pgf/math/pgfmathfunctions.rando
m.code.tex)
(/usr/local/texlive/2023/texmf-dist/tex/generic/pgf/math/pgfmathfunctions.compa
rison.code.tex)
(/usr/local/texlive/2023/texmf-dist/tex/generic/pgf/math/pgfmathfunctions.base.
code.tex)
(/usr/local/texlive/2023/texmf-dist/tex/generic/pgf/math/pgfmathfunctions.round
.code.tex)
(/usr/local/texlive/2023/texmf-dist/tex/generic/pgf/math/pgfmathfunctions.misc.
code.tex)
(/usr/local/texlive/2023/texmf-dist/tex/generic/pgf/math/pgfmathfunctions.integ
erarithmetics.code.tex) (/usr/local/texlive/2023/texmf-dist/tex/generic/pgf/mat
h/pgfmathcalc.code.tex) (/usr/local/texlive/2023/texmf-dist/tex/generic/pgf/mat
h/pgfmathfloat.code.tex
\c@pgfmathroundto@lastzeros=\count338
)) (/usr/local/texlive/2023/texmf-dist/tex/generic/pgf/math/pgfint.code.tex)
(/usr/local/texlive/2023/texmf-dist/tex/generic/pgf/basiclayer/pgfcorepoints.co
de.tex
File: pgfcorepoints.code.tex 2023-01-15 v3.1.10 (3.1.10)
\pgf@picminx=\dimen271
\pgf@picmaxx=\dimen272
\pgf@picminy=\dimen273
\pgf@picmaxy=\dimen274
\pgf@pathminx=\dimen275
\pgf@pathmaxx=\dimen276
\pgf@pathminy=\dimen277
\pgf@pathmaxy=\dimen278
\pgf@xx=\dimen279
\pgf@xy=\dimen280
\pgf@yx=\dimen281
\pgf@yy=\dimen282
\pgf@zx=\dimen283
\pgf@zy=\dimen284
)
(/usr/local/texlive/2023/texmf-dist/tex/generic/pgf/basiclayer/pgfcorepathconst
ruct.code.tex
File: pgfcorepathconstruct.code.tex 2023-01-15 v3.1.10 (3.1.10)
\pgf@path@lastx=\dimen285
\pgf@path@lasty=\dimen286
)
(/usr/local/texlive/2023/texmf-dist/tex/generic/pgf/basiclayer/pgfcorepathusage
.code.tex
File: pgfcorepathusage.code.tex 2023-01-15 v3.1.10 (3.1.10)
\pgf@shorten@end@additional=\dimen287
\pgf@shorten@start@additional=\dimen288
)
(/usr/local/texlive/2023/texmf-dist/tex/generic/pgf/basiclayer/pgfcorescopes.co
de.tex
File: pgfcorescopes.code.tex 2023-01-15 v3.1.10 (3.1.10)
\pgfpic=\box71
\pgf@hbox=\box72
\pgf@layerbox@main=\box73
\pgf@picture@serial@count=\count339
)
(/usr/local/texlive/2023/texmf-dist/tex/generic/pgf/basiclayer/pgfcoregraphicst
ate.code.tex
File: pgfcoregraphicstate.code.tex 2023-01-15 v3.1.10 (3.1.10)
\pgflinewidth=\dimen289
)
(/usr/local/texlive/2023/texmf-dist/tex/generic/pgf/basiclayer/pgfcoretransform
ations.code.tex
File: pgfcoretransformations.code.tex 2023-01-15 v3.1.10 (3.1.10)
\pgf@pt@x=\dimen290
\pgf@pt@y=\dimen291
\pgf@pt@temp=\dimen292
)
(/usr/local/texlive/2023/texmf-dist/tex/generic/pgf/basiclayer/pgfcorequick.cod
e.tex
File: pgfcorequick.code.tex 2023-01-15 v3.1.10 (3.1.10)
)
(/usr/local/texlive/2023/texmf-dist/tex/generic/pgf/basiclayer/pgfcoreobjects.c
ode.tex
File: pgfcoreobjects.code.tex 2023-01-15 v3.1.10 (3.1.10)
)
(/usr/local/texlive/2023/texmf-dist/tex/generic/pgf/basiclayer/pgfcorepathproce
ssing.code.tex
File: pgfcorepathprocessing.code.tex 2023-01-15 v3.1.10 (3.1.10)
)
(/usr/local/texlive/2023/texmf-dist/tex/generic/pgf/basiclayer/pgfcorearrows.co
de.tex
File: pgfcorearrows.code.tex 2023-01-15 v3.1.10 (3.1.10)
\pgfarrowsep=\dimen293
)
(/usr/local/texlive/2023/texmf-dist/tex/generic/pgf/basiclayer/pgfcoreshade.cod
e.tex
File: pgfcoreshade.code.tex 2023-01-15 v3.1.10 (3.1.10)
\pgf@max=\dimen294
\pgf@sys@shading@range@num=\count340
\pgf@shadingcount=\count341
)
(/usr/local/texlive/2023/texmf-dist/tex/generic/pgf/basiclayer/pgfcoreimage.cod
e.tex
File: pgfcoreimage.code.tex 2023-01-15 v3.1.10 (3.1.10)
)
(/usr/local/texlive/2023/texmf-dist/tex/generic/pgf/basiclayer/pgfcoreexternal.
code.tex
File: pgfcoreexternal.code.tex 2023-01-15 v3.1.10 (3.1.10)
\pgfexternal@startupbox=\box74
)
(/usr/local/texlive/2023/texmf-dist/tex/generic/pgf/basiclayer/pgfcorelayers.co
de.tex
File: pgfcorelayers.code.tex 2023-01-15 v3.1.10 (3.1.10)
)
(/usr/local/texlive/2023/texmf-dist/tex/generic/pgf/basiclayer/pgfcoretranspare
ncy.code.tex
File: pgfcoretransparency.code.tex 2023-01-15 v3.1.10 (3.1.10)
)
(/usr/local/texlive/2023/texmf-dist/tex/generic/pgf/basiclayer/pgfcorepatterns.
code.tex
File: pgfcorepatterns.code.tex 2023-01-15 v3.1.10 (3.1.10)
)
(/usr/local/texlive/2023/texmf-dist/tex/generic/pgf/basiclayer/pgfcorerdf.code.
tex
File: pgfcorerdf.code.tex 2023-01-15 v3.1.10 (3.1.10)
)))
(/usr/local/texlive/2023/texmf-dist/tex/generic/pgf/modules/pgfmoduleshapes.cod
e.tex
File: pgfmoduleshapes.code.tex 2023-01-15 v3.1.10 (3.1.10)
\pgfnodeparttextbox=\box75
)
(/usr/local/texlive/2023/texmf-dist/tex/generic/pgf/modules/pgfmoduleplot.code.
tex
File: pgfmoduleplot.code.tex 2023-01-15 v3.1.10 (3.1.10)
)
(/usr/local/texlive/2023/texmf-dist/tex/latex/pgf/compatibility/pgfcomp-version
-0-65.sty
Package: pgfcomp-version-0-65 2023-01-15 v3.1.10 (3.1.10)
\pgf@nodesepstart=\dimen295
\pgf@nodesepend=\dimen296
)
(/usr/local/texlive/2023/texmf-dist/tex/latex/pgf/compatibility/pgfcomp-version
-1-18.sty
Package: pgfcomp-version-1-18 2023-01-15 v3.1.10 (3.1.10)
)) (/usr/local/texlive/2023/texmf-dist/tex/latex/tools/verbatim.sty
Package: verbatim 2022-07-02 v1.5u LaTeX2e package for verbatim enhancements
\every@verbatim=\toks46
\verbatim@line=\toks47
\verbatim@in@stream=\read4
) (/usr/local/texlive/2023/texmf-dist/tex/latex/environ/environ.sty
Package: environ 2014/05/04 v0.3 A new way to define environments
(/usr/local/texlive/2023/texmf-dist/tex/latex/trimspaces/trimspaces.sty
Package: trimspaces 2009/09/17 v1.1 Trim spaces around a token list
))
\tcb@titlebox=\box76
\tcb@upperbox=\box77
\tcb@lowerbox=\box78
\tcb@phantombox=\box79
\c@tcbbreakpart=\count342
\c@tcblayer=\count343
\c@tcolorbox@number=\count344
\tcb@temp=\box80
\tcb@temp=\box81
\tcb@temp=\box82
\tcb@temp=\box83
(/usr/local/texlive/2023/texmf-dist/tex/latex/tcolorbox/tcbskins.code.tex
Library (tcolorbox): 'tcbskins.code.tex' version '6.0.1'
(/usr/local/texlive/2023/texmf-dist/tex/latex/pgf/frontendlayer/tikz.sty (/usr/
local/texlive/2023/texmf-dist/tex/latex/pgf/utilities/pgffor.sty (/usr/local/te
xlive/2023/texmf-dist/tex/latex/pgf/utilities/pgfkeys.sty (/usr/local/texlive/2
023/texmf-dist/tex/generic/pgf/utilities/pgfkeys.code.tex)) (/usr/local/texlive
/2023/texmf-dist/tex/latex/pgf/math/pgfmath.sty (/usr/local/texlive/2023/texmf-
dist/tex/generic/pgf/math/pgfmath.code.tex)) (/usr/local/texlive/2023/texmf-dis
t/tex/generic/pgf/utilities/pgffor.code.tex
Package: pgffor 2023-01-15 v3.1.10 (3.1.10)
\pgffor@iter=\dimen297
\pgffor@skip=\dimen298
\pgffor@stack=\toks48
\pgffor@toks=\toks49
))
(/usr/local/texlive/2023/texmf-dist/tex/generic/pgf/frontendlayer/tikz/tikz.cod
e.tex
Package: tikz 2023-01-15 v3.1.10 (3.1.10)

(/usr/local/texlive/2023/texmf-dist/tex/generic/pgf/libraries/pgflibraryplothan
dlers.code.tex
File: pgflibraryplothandlers.code.tex 2023-01-15 v3.1.10 (3.1.10)
\pgf@plot@mark@count=\count345
\pgfplotmarksize=\dimen299
)
\tikz@lastx=\dimen300
\tikz@lasty=\dimen301
\tikz@lastxsaved=\dimen302
\tikz@lastysaved=\dimen303
\tikz@lastmovetox=\dimen304
\tikz@lastmovetoy=\dimen305
\tikzleveldistance=\dimen306
\tikzsiblingdistance=\dimen307
\tikz@figbox=\box84
\tikz@figbox@bg=\box85
\tikz@tempbox=\box86
\tikz@tempbox@bg=\box87
\tikztreelevel=\count346
\tikznumberofchildren=\count347
\tikznumberofcurrentchild=\count348
\tikz@fig@count=\count349

(/usr/local/texlive/2023/texmf-dist/tex/generic/pgf/modules/pgfmodulematrix.cod
e.tex
File: pgfmodulematrix.code.tex 2023-01-15 v3.1.10 (3.1.10)
\pgfmatrixcurrentrow=\count350
\pgfmatrixcurrentcolumn=\count351
\pgf@matrix@numberofcolumns=\count352
)
\tikz@expandcount=\count353

(/usr/local/texlive/2023/texmf-dist/tex/generic/pgf/frontendlayer/tikz/librarie
s/tikzlibrarytopaths.code.tex
File: tikzlibrarytopaths.code.tex 2023-01-15 v3.1.10 (3.1.10)
))) (/usr/local/texlive/2023/texmf-dist/tex/latex/tikzfill/tikzfill.image.sty
Package: tikzfill.image 2022/07/20 v1.0.0 Image filling library for TikZ
(/usr/local/texlive/2023/texmf-dist/tex/latex/tikzfill/tikzfill-common.sty
Package: tikzfill-common 2022/07/20 v1.0.0 Auxiliary code for tikzfill
)
(/usr/local/texlive/2023/texmf-dist/tex/latex/tikzfill/tikzlibraryfill.image.co
de.tex
File: tikzlibraryfill.image.code.tex 2022/07/20 v1.0.0 Image filling library
\l__tikzfill_img_box=\box88
))
(/usr/local/texlive/2023/texmf-dist/tex/latex/tcolorbox/tcbskinsjigsaw.code.tex
Library (tcolorbox): 'tcbskinsjigsaw.code.tex' version '6.0.1'
)) (/usr/local/texlive/2023/texmf-dist/tex/latex/tcolorbox/tcbbreakable.code.te
x
Library (tcolorbox): 'tcbbreakable.code.tex' version '6.0.1'
(/usr/local/texlive/2023/texmf-dist/tex/latex/pdfcol/pdfcol.sty
Package: pdfcol 2022-09-21 v1.7 Handle new color stacks for pdfTeX (HO)
Package pdfcol Info: Interface disabled because of missing PDF mode of pdfTeX.
)
Package pdfcol Info: pdfTeX's color stacks are not available.
\tcb@testbox=\box89
\tcb@totalupperbox=\box90
\tcb@totallowerbox=\box91
)) (/usr/local/texlive/2023/texmf-dist/tex/latex/xurl/xurl.sty
Package: xurl 2022/01/09 v 0.10 modify URL breaks
)
Package hyperref Info: Option `colorlinks' set `true' on input line 191.
No file index.aux.
\openout1 = `index.aux'.

LaTeX Font Info:    Checking defaults for OML/cmm/m/it on input line 197.
LaTeX Font Info:    ... okay on input line 197.
LaTeX Font Info:    Checking defaults for OMS/cmsy/m/n on input line 197.
LaTeX Font Info:    ... okay on input line 197.
LaTeX Font Info:    Checking defaults for OT1/cmr/m/n on input line 197.
LaTeX Font Info:    ... okay on input line 197.
LaTeX Font Info:    Checking defaults for T1/cmr/m/n on input line 197.
LaTeX Font Info:    ... okay on input line 197.
LaTeX Font Info:    Checking defaults for TS1/cmr/m/n on input line 197.
LaTeX Font Info:    ... okay on input line 197.
LaTeX Font Info:    Checking defaults for TU/lmr/m/n on input line 197.
LaTeX Font Info:    ... okay on input line 197.
LaTeX Font Info:    Checking defaults for OMX/cmex/m/n on input line 197.
LaTeX Font Info:    ... okay on input line 197.
LaTeX Font Info:    Checking defaults for U/cmr/m/n on input line 197.
LaTeX Font Info:    ... okay on input line 197.
LaTeX Font Info:    Checking defaults for PD1/pdf/m/n on input line 197.
LaTeX Font Info:    ... okay on input line 197.
LaTeX Font Info:    Checking defaults for PU/pdf/m/n on input line 197.
LaTeX Font Info:    ... okay on input line 197.
Package scrbase Info: activating english \abstractname on input line 197.
Package scrbase Info: activating english \partname on input line 197.
Package scrbase Info: activating english \chaptername on input line 197.
Package scrbase Info: activating english \appendixname on input line 197.
Package scrbase Info: activating english \figurename on input line 197.
Package scrbase Info: activating english \tablename on input line 197.
Package scrbase Info: activating english \contentsname on input line 197.
Package scrbase Info: activating english \listfigurename on input line 197.
Package scrbase Info: activating english \listtablename on input line 197.
Package scrbase Info: activating english \bibname on input line 197.
Package scrbase Info: activating english \indexname on input line 197.
LaTeX Font Info:    Overwriting math alphabet `\mathrm' in version `normal'
(Font)                  OT1/lmr/m/n --> TU/lmr/m/n on input line 197.
LaTeX Font Info:    Overwriting math alphabet `\mathit' in version `normal'
(Font)                  OT1/lmr/m/it --> TU/lmr/m/it on input line 197.
LaTeX Font Info:    Overwriting math alphabet `\mathbf' in version `normal'
(Font)                  OT1/lmr/bx/n --> TU/lmr/bx/n on input line 197.
LaTeX Font Info:    Overwriting math alphabet `\mathsf' in version `normal'
(Font)                  OT1/lmss/m/n --> TU/lmss/m/n on input line 197.
LaTeX Font Info:    Overwriting math alphabet `\mathsf' in version `bold'
(Font)                  OT1/lmss/bx/n --> TU/lmss/bx/n on input line 197.
LaTeX Font Info:    Overwriting math alphabet `\mathtt' in version `normal'
(Font)                  OT1/lmtt/m/n --> TU/lmtt/m/n on input line 197.
LaTeX Font Info:    Overwriting math alphabet `\mathtt' in version `bold'
(Font)                  OT1/lmtt/m/n --> TU/lmtt/bx/n on input line 197.

Package fontspec Info: latinmodern-math scale = 0.9999967668407183.


Package fontspec Info: latinmodern-math scale = 0.9999967668407183.


Package fontspec Info: latinmodern-math scale = 0.9999967668407183.


Package fontspec Info: Font family 'latinmodern-math.otf(0)' created for font
(fontspec)             'latinmodern-math.otf' with options
(fontspec)             [Scale=MatchLowercase,BoldItalicFont={},ItalicFont={},Sm
allCapsFont={},Script=Math,BoldFont={latinmodern-math.otf}].
(fontspec)              
(fontspec)              This font family consists of the following NFSS
(fontspec)             series/shapes:
(fontspec)              
(fontspec)             - 'normal' (m/n) with NFSS spec.:
(fontspec)             <->s*[0.9999967668407183]"[latinmodern-math.otf]/OT:scri
pt=math;language=dflt;"
(fontspec)             - 'small caps'  (m/sc) with NFSS spec.: 
(fontspec)             - 'bold' (b/n) with NFSS spec.:
(fontspec)             <->s*[0.9999967668407183]"[latinmodern-math.otf]/OT:scri
pt=math;language=dflt;"
(fontspec)             - 'bold small caps'  (b/sc) with NFSS spec.: 

LaTeX Font Info:    Font shape `TU/latinmodern-math.otf(0)/m/n' will be
(Font)              scaled to size 10.95pt on input line 197.

Package fontspec Info: latinmodern-math scale = 0.9999967668407183.


Package fontspec Info: latinmodern-math scale = 0.9999967668407183.


Package fontspec Info: latinmodern-math scale = 0.9999967668407183.


Package fontspec Info: latinmodern-math scale = 0.9999967668407183.


Package fontspec Info: latinmodern-math scale = 0.9999967668407183.


Package fontspec Info: Font family 'latinmodern-math.otf(1)' created for font
(fontspec)             'latinmodern-math.otf' with options
(fontspec)             [Scale=MatchLowercase,BoldItalicFont={},ItalicFont={},Sm
allCapsFont={},Script=Math,SizeFeatures={{Size=9.3075-},{Size=6.57-9.3075,Font=
latinmodern-math.otf,Style=MathScript},{Size=-6.57,Font=latinmodern-math.otf,St
yle=MathScriptScript}},BoldFont={latinmodern-math.otf}].
(fontspec)              
(fontspec)              This font family consists of the following NFSS
(fontspec)             series/shapes:
(fontspec)              
(fontspec)             - 'normal' (m/n) with NFSS spec.:
(fontspec)             <9.3075->s*[0.9999967668407183]"[latinmodern-math.otf]/O
T:script=math;language=dflt;"<6.57-9.3075>s*[0.9999967668407183]"[latinmodern-m
ath.otf]/OT:script=math;language=dflt;+ssty=0;"<-6.57>s*[0.9999967668407183]"[l
atinmodern-math.otf]/OT:script=math;language=dflt;+ssty=1;"
(fontspec)             - 'small caps'  (m/sc) with NFSS spec.: 
(fontspec)             - 'bold' (b/n) with NFSS spec.:
(fontspec)             <->s*[0.9999967668407183]"[latinmodern-math.otf]/OT:scri
pt=math;language=dflt;"
(fontspec)             - 'bold small caps'  (b/sc) with NFSS spec.: 

LaTeX Font Info:    Font shape `TU/latinmodern-math.otf(1)/m/n' will be
(Font)              scaled to size 10.95pt on input line 197.
LaTeX Font Info:    Encoding `OT1' has changed to `TU' for symbol font
(Font)              `operators' in the math version `normal' on input line 197.

LaTeX Font Info:    Overwriting symbol font `operators' in version `normal'
(Font)                  OT1/lmr/m/n --> TU/latinmodern-math.otf(1)/m/n on input
 line 197.
LaTeX Font Info:    Encoding `OT1' has changed to `TU' for symbol font
(Font)              `operators' in the math version `bold' on input line 197.
LaTeX Font Info:    Overwriting symbol font `operators' in version `bold'
(Font)                  OT1/lmr/bx/n --> TU/latinmodern-math.otf(1)/b/n on inpu
t line 197.

Package fontspec Info: latinmodern-math scale = 0.9999967668407183.


Package fontspec Info: latinmodern-math scale = 1.000096766517402.


Package fontspec Info: latinmodern-math scale = 0.9999967668407183.


Package fontspec Info: latinmodern-math scale = 1.000096766517402.


Package fontspec Info: latinmodern-math scale = 0.9999967668407183.


Package fontspec Info: latinmodern-math scale = 1.000096766517402.


Package fontspec Info: latinmodern-math scale = 0.9999967668407183.


Package fontspec Info: latinmodern-math scale = 1.000096766517402.


Package fontspec Info: latinmodern-math scale = 0.9999967668407183.


Package fontspec Info: latinmodern-math scale = 1.000096766517402.


Package fontspec Info: Font family 'latinmodern-math.otf(2)' created for font
(fontspec)             'latinmodern-math.otf' with options
(fontspec)             [Scale=MatchLowercase,BoldItalicFont={},ItalicFont={},Sm
allCapsFont={},Script=Math,SizeFeatures={{Size=9.3075-},{Size=6.57-9.3075,Font=
latinmodern-math.otf,Style=MathScript},{Size=-6.57,Font=latinmodern-math.otf,St
yle=MathScriptScript}},BoldFont={latinmodern-math.otf},ScaleAgain=1.0001,FontAd
justment={\fontdimen
(fontspec)             8\font =7.41315pt\relax \fontdimen 9\font
(fontspec)             =4.3143pt\relax \fontdimen 10\font =4.8618pt\relax
(fontspec)             \fontdimen 11\font =7.5117pt\relax \fontdimen 12\font
(fontspec)             =3.77776pt\relax \fontdimen 13\font =3.97485pt\relax
(fontspec)             \fontdimen 14\font =3.97485pt\relax \fontdimen 15\font
(fontspec)             =3.16455pt\relax \fontdimen 16\font =2.70465pt\relax
(fontspec)             \fontdimen 17\font =2.70465pt\relax \fontdimen 18\font
(fontspec)             =2.7375pt\relax \fontdimen 19\font =2.19pt\relax
(fontspec)             \fontdimen 22\font =2.7375pt\relax \fontdimen 20\font
(fontspec)             =0pt\relax \fontdimen 21\font =0pt\relax }].
(fontspec)              
(fontspec)              This font family consists of the following NFSS
(fontspec)             series/shapes:
(fontspec)              
(fontspec)             - 'normal' (m/n) with NFSS spec.:
(fontspec)             <9.3075->s*[1.000096766517402]"[latinmodern-math.otf]/OT
:script=math;language=dflt;"<6.57-9.3075>s*[1.000096766517402]"[latinmodern-mat
h.otf]/OT:script=math;language=dflt;+ssty=0;"<-6.57>s*[1.000096766517402]"[lati
nmodern-math.otf]/OT:script=math;language=dflt;+ssty=1;"
(fontspec)             - 'small caps'  (m/sc) with NFSS spec.: 
(fontspec)             and font adjustment code:
(fontspec)             \fontdimen 8\font =7.41315pt\relax \fontdimen 9\font
(fontspec)             =4.3143pt\relax \fontdimen 10\font =4.8618pt\relax
(fontspec)             \fontdimen 11\font =7.5117pt\relax \fontdimen 12\font
(fontspec)             =3.77776pt\relax \fontdimen 13\font =3.97485pt\relax
(fontspec)             \fontdimen 14\font =3.97485pt\relax \fontdimen 15\font
(fontspec)             =3.16455pt\relax \fontdimen 16\font =2.70465pt\relax
(fontspec)             \fontdimen 17\font =2.70465pt\relax \fontdimen 18\font
(fontspec)             =2.7375pt\relax \fontdimen 19\font =2.19pt\relax
(fontspec)             \fontdimen 22\font =2.7375pt\relax \fontdimen 20\font
(fontspec)             =0pt\relax \fontdimen 21\font =0pt\relax 
(fontspec)             - 'bold' (b/n) with NFSS spec.:
(fontspec)             <->s*[1.000096766517402]"[latinmodern-math.otf]/OT:scrip
t=math;language=dflt;"
(fontspec)             - 'bold small caps'  (b/sc) with NFSS spec.: 
(fontspec)             and font adjustment code:
(fontspec)             \fontdimen 8\font =7.41315pt\relax \fontdimen 9\font
(fontspec)             =4.3143pt\relax \fontdimen 10\font =4.8618pt\relax
(fontspec)             \fontdimen 11\font =7.5117pt\relax \fontdimen 12\font
(fontspec)             =3.77776pt\relax \fontdimen 13\font =3.97485pt\relax
(fontspec)             \fontdimen 14\font =3.97485pt\relax \fontdimen 15\font
(fontspec)             =3.16455pt\relax \fontdimen 16\font =2.70465pt\relax
(fontspec)             \fontdimen 17\font =2.70465pt\relax \fontdimen 18\font
(fontspec)             =2.7375pt\relax \fontdimen 19\font =2.19pt\relax
(fontspec)             \fontdimen 22\font =2.7375pt\relax \fontdimen 20\font
(fontspec)             =0pt\relax \fontdimen 21\font =0pt\relax 

LaTeX Font Info:    Encoding `OMS' has changed to `TU' for symbol font
(Font)              `symbols' in the math version `normal' on input line 197.
LaTeX Font Info:    Overwriting symbol font `symbols' in version `normal'
(Font)                  OMS/lmsy/m/n --> TU/latinmodern-math.otf(2)/m/n on inpu
t line 197.
LaTeX Font Info:    Encoding `OMS' has changed to `TU' for symbol font
(Font)              `symbols' in the math version `bold' on input line 197.
LaTeX Font Info:    Overwriting symbol font `symbols' in version `bold'
(Font)                  OMS/lmsy/b/n --> TU/latinmodern-math.otf(2)/b/n on inpu
t line 197.

Package fontspec Info: latinmodern-math scale = 0.9999967668407183.


Package fontspec Info: latinmodern-math scale = 0.9998967671640342.


Package fontspec Info: latinmodern-math scale = 0.9999967668407183.


Package fontspec Info: latinmodern-math scale = 0.9998967671640342.


Package fontspec Info: latinmodern-math scale = 0.9999967668407183.


Package fontspec Info: latinmodern-math scale = 0.9998967671640342.


Package fontspec Info: latinmodern-math scale = 0.9999967668407183.


Package fontspec Info: latinmodern-math scale = 0.9998967671640342.


Package fontspec Info: latinmodern-math scale = 0.9999967668407183.


Package fontspec Info: latinmodern-math scale = 0.9998967671640342.


Package fontspec Info: Font family 'latinmodern-math.otf(3)' created for font
(fontspec)             'latinmodern-math.otf' with options
(fontspec)             [Scale=MatchLowercase,BoldItalicFont={},ItalicFont={},Sm
allCapsFont={},Script=Math,SizeFeatures={{Size=9.3075-},{Size=6.57-9.3075,Font=
latinmodern-math.otf,Style=MathScript},{Size=-6.57,Font=latinmodern-math.otf,St
yle=MathScriptScript}},BoldFont={latinmodern-math.otf},ScaleAgain=0.9999,FontAd
justment={\fontdimen
(fontspec)             8\font =0.438pt\relax \fontdimen 9\font =2.19pt\relax
(fontspec)             \fontdimen 10\font =1.82864pt\relax \fontdimen 11\font
(fontspec)             =1.21545pt\relax \fontdimen 12\font =6.56999pt\relax
(fontspec)             \fontdimen 13\font =0pt\relax }].
(fontspec)              
(fontspec)              This font family consists of the following NFSS
(fontspec)             series/shapes:
(fontspec)              
(fontspec)             - 'normal' (m/n) with NFSS spec.:
(fontspec)             <9.3075->s*[0.9998967671640342]"[latinmodern-math.otf]/O
T:script=math;language=dflt;"<6.57-9.3075>s*[0.9998967671640342]"[latinmodern-m
ath.otf]/OT:script=math;language=dflt;+ssty=0;"<-6.57>s*[0.9998967671640342]"[l
atinmodern-math.otf]/OT:script=math;language=dflt;+ssty=1;"
(fontspec)             - 'small caps'  (m/sc) with NFSS spec.: 
(fontspec)             and font adjustment code:
(fontspec)             \fontdimen 8\font =0.438pt\relax \fontdimen 9\font
(fontspec)             =2.19pt\relax \fontdimen 10\font =1.82864pt\relax
(fontspec)             \fontdimen 11\font =1.21545pt\relax \fontdimen 12\font
(fontspec)             =6.56999pt\relax \fontdimen 13\font =0pt\relax 
(fontspec)             - 'bold' (b/n) with NFSS spec.:
(fontspec)             <->s*[0.9998967671640342]"[latinmodern-math.otf]/OT:scri
pt=math;language=dflt;"
(fontspec)             - 'bold small caps'  (b/sc) with NFSS spec.: 
(fontspec)             and font adjustment code:
(fontspec)             \fontdimen 8\font =0.438pt\relax \fontdimen 9\font
(fontspec)             =2.19pt\relax \fontdimen 10\font =1.82864pt\relax
(fontspec)             \fontdimen 11\font =1.21545pt\relax \fontdimen 12\font
(fontspec)             =6.56999pt\relax \fontdimen 13\font =0pt\relax 

LaTeX Font Info:    Encoding `OMX' has changed to `TU' for symbol font
(Font)              `largesymbols' in the math version `normal' on input line 1
97.
LaTeX Font Info:    Overwriting symbol font `largesymbols' in version `normal'
(Font)                  OMX/lmex/m/n --> TU/latinmodern-math.otf(3)/m/n on inpu
t line 197.
LaTeX Font Info:    Encoding `OMX' has changed to `TU' for symbol font
(Font)              `largesymbols' in the math version `bold' on input line 197
.
LaTeX Font Info:    Overwriting symbol font `largesymbols' in version `bold'
(Font)                  OMX/lmex/m/n --> TU/latinmodern-math.otf(3)/b/n on inpu
t line 197.
LaTeX Info: Redefining \microtypecontext on input line 197.
Package microtype Info: Applying patch `item' on input line 197.
Package microtype Info: Applying patch `toc' on input line 197.
Package microtype Info: Applying patch `eqnum' on input line 197.
Package microtype Info: Applying patch `footnote' on input line 197.
Package microtype Info: Applying patch `verbatim' on input line 197.
Package microtype Info: Character protrusion enabled (level 2).
Package microtype Info: Using protrusion set `basicmath'.
Package microtype Info: No adjustment of tracking.
Package microtype Info: No adjustment of spacing.
Package microtype Info: No adjustment of kerning.

(/usr/local/texlive/2023/texmf-dist/tex/latex/microtype/mt-LatinModernRoman.cfg
File: mt-LatinModernRoman.cfg 2021/02/21 v1.1 microtype config. file: Latin Mod
ern Roman (RS)
)
Package hyperref Info: Link coloring ON on input line 197.

Package hyperref Warning: Rerun to get /PageLabels entry.

Package caption Info: Begin \AtBeginDocument code.
Package caption Info: float package is loaded.
Package caption Info: End \AtBeginDocument code.
Package microtype Info: Loading generic protrusion settings for font family
(microtype)             `lmss' (encoding: TU).
(microtype)             For optimal results, create family-specific settings.
(microtype)             See the microtype manual for details.
LaTeX Font Info:    Font shape `TU/latinmodern-math.otf(1)/m/n' will be
(Font)              scaled to size 14.4pt on input line 199.
LaTeX Font Info:    Font shape `TU/latinmodern-math.otf(1)/m/n' will be
(Font)              scaled to size 10.0pt on input line 199.
LaTeX Font Info:    Font shape `TU/latinmodern-math.otf(1)/m/n' will be
(Font)              scaled to size 7.0pt on input line 199.
LaTeX Font Info:    Trying to load font information for OML+lmm on input line 1
99.
(/usr/local/texlive/2023/texmf-dist/tex/latex/lm/omllmm.fd
File: omllmm.fd 2015/05/01 v1.6.1 Font defs for Latin Modern
)
LaTeX Font Info:    Font shape `TU/latinmodern-math.otf(2)/m/n' will be
(Font)              scaled to size 14.4013pt on input line 199.
LaTeX Font Info:    Font shape `TU/latinmodern-math.otf(2)/m/n' will be
(Font)              scaled to size 10.00092pt on input line 199.
LaTeX Font Info:    Font shape `TU/latinmodern-math.otf(2)/m/n' will be
(Font)              scaled to size 7.00064pt on input line 199.
LaTeX Font Info:    Font shape `TU/latinmodern-math.otf(3)/m/n' will be
(Font)              scaled to size 14.39845pt on input line 199.
LaTeX Font Info:    Font shape `TU/latinmodern-math.otf(3)/m/n' will be
(Font)              scaled to size 9.99893pt on input line 199.
LaTeX Font Info:    Font shape `TU/latinmodern-math.otf(3)/m/n' will be
(Font)              scaled to size 6.99925pt on input line 199.
LaTeX Font Info:    Trying to load font information for U+msa on input line 199
.
(/usr/local/texlive/2023/texmf-dist/tex/latex/amsfonts/umsa.fd
File: umsa.fd 2013/01/14 v3.01 AMS symbols A
) (/usr/local/texlive/2023/texmf-dist/tex/latex/microtype/mt-msa.cfg
File: mt-msa.cfg 2006/02/04 v1.1 microtype config. file: AMS symbols (a) (RS)
)
LaTeX Font Info:    Trying to load font information for U+msb on input line 199
.
(/usr/local/texlive/2023/texmf-dist/tex/latex/amsfonts/umsb.fd
File: umsb.fd 2013/01/14 v3.01 AMS symbols B
) (/usr/local/texlive/2023/texmf-dist/tex/latex/microtype/mt-msb.cfg
File: mt-msb.cfg 2005/06/01 v1.0 microtype config. file: AMS symbols (b) (RS)
) [1



]
Package tocbasic Info: character protrusion at toc deactivated on input line 20
5.
No file index.toc.
\tf@toc=\write5
\openout5 = `index.toc'.

[2

]
chapter 1.

Class scrreprt Warning: \float@addtolists detected!
(scrreprt)              Implementation of \float@addtolist became
(scrreprt)              deprecated in KOMA-Script v3.01 2008/11/14 and
(scrreprt)              has been replaced by several more flexible
(scrreprt)              features of package `tocbasic`.
(scrreprt)              Since Version 3.12 support for deprecated
(scrreprt)              \float@addtolist interface has been
(scrreprt)              restricted to only some of the KOMA-Script
(scrreprt)              features and been removed from others.
(scrreprt)              Loading of package `scrhack' may help to
(scrreprt)              avoid this warning, if you are using a
(scrreprt)              a package that still implements the
(scrreprt)              deprecated \float@addtolist interface.


Underfull \hbox (badness 10000) in paragraph at lines 254--255
[]\TU/lmtt/m/n/10.95 qymlitl ../images/Washington-Arlington-Alexandria_DC-VA-MD
-WV.gif :alt: DC
 []

[3

] [4] [5]
chapter 2.
LaTeX Font Info:    Font shape `TU/lmtt/bx/n' in size <14.4> not available
(Font)              Font shape `TU/lmtt/b/n' tried instead on input line 362.
[6

] [7] [8]
Overfull \hbox (1559.24365pt too wide) in alignment at lines 553--563
 [] [] [] [] [] [] [] [] [] [] [] [] [] [] [] [] [] [] [] [] [] [] 
 []


Overfull \hbox (1559.24365pt too wide) in alignment at lines 563--565
 [] [] [] [] [] [] [] [] [] [] [] [] [] [] [] [] [] [] [] [] [] [] 
 []


Overfull \hbox (1821.9341pt too wide) in alignment at lines 565--581
 [] [] [] [] [] [] [] [] [] [] [] [] [] [] [] [] [] [] [] [] [] [] 
 []


Package longtable Warning: Column widths have changed
(longtable)                in table 2.1 on input line 581.

[9]
Overfull \hbox (369.92036pt too wide) in alignment at lines 611--617
 [] [] [] [] [] [] [] [] [] [] [] [] [] 
 []


Overfull \hbox (369.92036pt too wide) in alignment at lines 617--619
 [] [] [] [] [] [] [] [] [] [] [] [] [] 
 []


Overfull \hbox (1430.13197pt too wide) in alignment at lines 619--653
 [] [] [] [] [] [] [] [] [] [] [] [] [] 
 []


Package longtable Warning: Column widths have changed
(longtable)                in table 2.2 on input line 653.

[10]
Missing character: There is no  (U+2588) in font [lmmono10-regular]:!
Missing character: There is no  (U+2588) in font [lmmono10-regular]:!
Missing character: There is no  (U+2588) in font [lmmono10-regular]:!
Missing character: There is no  (U+2588) in font [lmmono10-regular]:!
Missing character: There is no  (U+2588) in font [lmmono10-regular]:!
Missing character: There is no  (U+2588) in font [lmmono10-regular]:!
Missing character: There is no  (U+2588) in font [lmmono10-regular]:!
Missing character: There is no  (U+2588) in font [lmmono10-regular]:!
Missing character: There is no  (U+2588) in font [lmmono10-regular]:!
Missing character: There is no  (U+2588) in font [lmmono10-regular]:!
[11]
Missing character: There is no  (U+2588) in font [lmmono10-regular]:!
Missing character: There is no  (U+2588) in font [lmmono10-regular]:!
Missing character: There is no  (U+2588) in font [lmmono10-regular]:!
Missing character: There is no  (U+2588) in font [lmmono10-regular]:!
Missing character: There is no  (U+2588) in font [lmmono10-regular]:!
Missing character: There is no  (U+2588) in font [lmmono10-regular]:!
Missing character: There is no  (U+2588) in font [lmmono10-regular]:!
Missing character: There is no  (U+2588) in font [lmmono10-regular]:!
Missing character: There is no  (U+2588) in font [lmmono10-regular]:!
Missing character: There is no  (U+2588) in font [lmmono10-regular]:!

Overfull \hbox (116.61732pt too wide) in paragraph at lines 731--731
[]\TU/lmtt/m/n/10.95 Successfully installed package []census/tracts_cartographi
c[], tophash=44d422f from s3://spatial-ucr[] 
 []

Missing character: There is no  (U+2588) in font [lmmono10-regular]:!
Missing character: There is no  (U+2588) in font [lmmono10-regular]:!
Missing character: There is no  (U+2588) in font [lmmono10-regular]:!
Missing character: There is no  (U+2588) in font [lmmono10-regular]:!
Missing character: There is no  (U+2588) in font [lmmono10-regular]:!
Missing character: There is no  (U+2588) in font [lmmono10-regular]:!
Missing character: There is no  (U+2588) in font [lmmono10-regular]:!
Missing character: There is no  (U+2588) in font [lmmono10-regular]:!
Missing character: There is no  (U+2588) in font [lmmono10-regular]:!
Missing character: There is no  (U+2588) in font [lmmono10-regular]:!
Missing character: There is no  (U+2588) in font [lmmono10-regular]:!
Missing character: There is no  (U+2588) in font [lmmono10-regular]:!
Missing character: There is no  (U+2588) in font [lmmono10-regular]:!
Missing character: There is no  (U+2588) in font [lmmono10-regular]:!
Missing character: There is no  (U+2588) in font [lmmono10-regular]:!
Missing character: There is no  (U+2588) in font [lmmono10-regular]:!
Missing character: There is no  (U+2588) in font [lmmono10-regular]:!
Missing character: There is no  (U+2588) in font [lmmono10-regular]:!
Missing character: There is no  (U+2588) in font [lmmono10-regular]:!
Missing character: There is no  (U+2588) in font [lmmono10-regular]:!

Overfull \hbox (87.8736pt too wide) in paragraph at lines 740--740
[]\TU/lmtt/m/n/10.95 Successfully installed package []census/administrative[], 
tophash=21191df from s3://spatial-ucr[] 
 []

[12]
Overfull \hbox (7.39111pt too wide) in paragraph at lines 803--803
[]    \TU/lmtt/m/n/10.95 each year will be expressed in dollars set by the []cu
rrency_year[] parameter[] 
 []


Overfull \hbox (59.12985pt too wide) in paragraph at lines 805--805
[]    \TU/lmtt/m/n/10.95 If adjusting for inflation, this parameter sets the ye
ar in which dollar values will[] 
 []


Overfull \hbox (605.26096pt too wide) in paragraph at lines 823--823
[]\TU/lmtt/m/n/10.95 /Users/knaaptime/Dropbox/projects/geosnap/geosnap/io/const
ructors.py:188: UserWarning: []constant_dollars[] is True, but no []currency_ye
ar[] was specified. Resorting to max value of 2017[] 
 []

[13]
Overfull \hbox (2019.69107pt too wide) in alignment at lines 833--845
 [] [] [] [] [] [] [] [] [] [] [] [] [] [] [] [] [] [] [] [] [] [] 
 []


Overfull \hbox (2019.69107pt too wide) in alignment at lines 845--847
 [] [] [] [] [] [] [] [] [] [] [] [] [] [] [] [] [] [] [] [] [] [] 
 []


Overfull \hbox (2286.02785pt too wide) in alignment at lines 847--868
 [] [] [] [] [] [] [] [] [] [] [] [] [] [] [] [] [] [] [] [] [] [] 
 []


Package longtable Warning: Column widths have changed
(longtable)                in table 2.3 on input line 868.


Overfull \hbox (381.05975pt too wide) in paragraph at lines 895--895
[]\TU/lmtt/m/n/10.95 /Users/knaaptime/Dropbox/projects/geosnap/geosnap/visualiz
e/mapping.py:170: UserWarning: []proplot[] is not installed.  Falling back to m
atplotlib[] 
 []

File: datasets_files/figure-pdf/cell-20-output-2.png Graphic file (type bmp)
<datasets_files/figure-pdf/cell-20-output-2.png>
[14]
Underfull \hbox (badness 2027) in paragraph at lines 910--919
\TU/lmr/m/n/10.95 The Environmental Protection Agency (EPA)s [][]envrironmenta
l justice screening tool
 []

[15]
File: datasets_files/figure-pdf/cell-25-output-2.png Graphic file (type bmp)
<datasets_files/figure-pdf/cell-25-output-2.png>
File: datasets_files/figure-pdf/cell-26-output-2.png Graphic file (type bmp)
<datasets_files/figure-pdf/cell-26-output-2.png>
[16]
Overfull \hbox (591.20178pt too wide) in alignment at lines 1007--1013
 [] [] [] [] [] [] [] [] [] [] [] [] [] [] [] [] [] [] [] 
 []


Overfull \hbox (591.20178pt too wide) in alignment at lines 1013--1015
 [] [] [] [] [] [] [] [] [] [] [] [] [] [] [] [] [] [] [] 
 []


Overfull \hbox (1016.99242pt too wide) in alignment at lines 1015--1036
 [] [] [] [] [] [] [] [] [] [] [] [] [] [] [] [] [] [] [] 
 []

[17]

Package longtable Warning: Column widths have changed
(longtable)                in table 2.4 on input line 1036.


Overfull \hbox (662.39516pt too wide) in alignment at lines 1056--1062
 [] [] [] [] [] [] [] [] [] [] [] [] [] [] [] [] [] [] [] [] [] [] 
 []


Overfull \hbox (662.39516pt too wide) in alignment at lines 1062--1064
 [] [] [] [] [] [] [] [] [] [] [] [] [] [] [] [] [] [] [] [] [] [] 
 []


Overfull \hbox (1150.04231pt too wide) in alignment at lines 1064--1082
 [] [] [] [] [] [] [] [] [] [] [] [] [] [] [] [] [] [] [] [] [] [] 
 []


Package longtable Warning: Column widths have changed
(longtable)                in table 2.5 on input line 1082.


Overfull \hbox (7.39111pt too wide) in paragraph at lines 1094--1094
[]       []\TU/lmtt/m/n/10.95 NECTA15[], []NMNECTA15[], []CD15[], []SLDL15[], [
]SLDU15[], []geometry[], []year[]],[] 
 []

[18]
File: datasets_files/figure-pdf/cell-43-output-2.png Graphic file (type bmp)
<datasets_files/figure-pdf/cell-43-output-2.png>
[19]
File: datasets_files/figure-pdf/cell-49-output-2.png Graphic file (type bmp)
<datasets_files/figure-pdf/cell-49-output-2.png>
[20]
File: datasets_files/figure-pdf/cell-51-output-2.png Graphic file (type bmp)
<datasets_files/figure-pdf/cell-51-output-2.png>
[21]
File: datasets_files/figure-pdf/cell-52-output-2.png Graphic file (type bmp)
<datasets_files/figure-pdf/cell-52-output-2.png>
[22]
Overfull \hbox (30.38611pt too wide) in paragraph at lines 1301--1301
[]\TU/lmtt/m/n/10.95 Acheievement data from the Stanford Education Data Archive
 (currently version 4.1).[] 
 []

[23]
Overfull \hbox (47.63235pt too wide) in paragraph at lines 1308--1308
[]    \TU/lmtt/m/n/10.95 aggregation level for achievement data. Options includ
e []school[] for school-level,[] 
 []


Overfull \hbox (128.11484pt too wide) in paragraph at lines 1311--1311
[]     \TU/lmtt/m/n/10.95 option to return long-form or pooled data ("pool[] or
 []long"). Only applicable for geodist level[] 
 []


Overfull \hbox (978.92964pt too wide) in paragraph at lines 1343--1343
[]\TU/lmtt/m/n/10.95 You agree not to use the data sets for commercial advantag
e, or in the course of for-profit activities. Commercial entities wishing to us
e this Service should contact Stanford Universitys Office of Technology Licens
ing (info@otlmail.stanford.edu).[] 
 []


Overfull \hbox (317.82355pt too wide) in paragraph at lines 1345--1345
[]\TU/lmtt/m/n/10.95 You agree that you will not use these data to identify or 
to otherwise infringe the privacy or confidentiality rights of individuals.[] 
 []


Overfull \hbox (1329.60333pt too wide) in paragraph at lines 1347--1347
[]\TU/lmtt/m/n/10.95 THE DATA SETS ARE PROVIDED AS IS AND STANFORD MAKES NO R
EPRESENTATIONS AND EXTENDS NO WARRANTIES OF ANY KIND, EXPRESS OR IMPLIED. STANF
ORD SHALL NOT BE LIABLE FOR ANY CLAIMS OR DAMAGES WITH RESPECT TO ANY LOSS OR O
THER CLAIM BY YOU OR ANY THIRD PARTY ON ACCOUNT OF, OR ARISING FROM THE USE OF 
THE DATA SETS.[] 
 []


Overfull \hbox (852.45718pt too wide) in paragraph at lines 1349--1349
[]\TU/lmtt/m/n/10.95 You agree that this Agreement and any dispute arising unde
r it is governed by the laws of the State of California of the United States of
 America, applicable to agreements negotiated, executed, and performed within C
alifornia.[] 
 []


Overfull \hbox (306.32605pt too wide) in paragraph at lines 1351--1351
[]\TU/lmtt/m/n/10.95 You agree to acknowledge the Stanford Education Data Archi
ve as the source of these data. In publications, please cite the data as:[] 
 []


Overfull \hbox (708.73845pt too wide) in paragraph at lines 1353--1353
[]\TU/lmtt/m/n/10.95 Reardon, S. F., Ho, A. D., Shear, B. R., Fahle, E. M., Kal
ogrides, D., Jang, H., & Chavez, B. (2021). Stanford Education Data Archive (Ve
rsion 4.1). Retrieved from http://purl.stanford.edu/db586ns4974.[] 
 []


Overfull \hbox (685.74347pt too wide) in paragraph at lines 1355--1355
[]\TU/lmtt/m/n/10.95 Subject to your compliance with the terms and conditions s
et forth in this Agreement, Stanford grants you a revocable, non-exclusive, non
-transferable right to access and make use of the Data Sets.[] 
 []

[24]
Overfull \hbox (156.85858pt too wide) in paragraph at lines 1372--1372
[]\TU/lmtt/m/n/10.95 Extract a subset of data from the National Center for Educ
ational Statistics as a long-form geodataframe.[] 
 []


Overfull \hbox (82.12485pt too wide) in paragraph at lines 1379--1379
[]    \TU/lmtt/m/n/10.95 set of academic years to return formatted as a 4-digit
 string representing the two years[] 
 []


Overfull \hbox (76.3761pt too wide) in paragraph at lines 1380--1380
[]    \TU/lmtt/m/n/10.95 from a single period of the academic calendar. For exa
mple, the 2015-2016 academic year[] 
 []


Overfull \hbox (24.63736pt too wide) in paragraph at lines 1383--1383
[]    \TU/lmtt/m/n/10.95 which NCES dataset to query. Options include []sabs[],
 []districts[], or []schools[][] 
 []


Overfull \hbox (1129.29202pt too wide) in alignment at lines 1406--1414
 [] [] [] [] [] [] [] [] [] [] [] [] [] [] [] [] [] [] [] [] [] [] 
 []


Overfull \hbox (1129.29202pt too wide) in alignment at lines 1414--1416
 [] [] [] [] [] [] [] [] [] [] [] [] [] [] [] [] [] [] [] [] [] [] 
 []


Overfull \hbox (1252.20575pt too wide) in alignment at lines 1416--1432
 [] [] [] [] [] [] [] [] [] [] [] [] [] [] [] [] [] [] [] [] [] [] 
 []


Package longtable Warning: Column widths have changed
(longtable)                in table 2.6 on input line 1432.

[25]
File: datasets_files/figure-pdf/cell-62-output-2.png Graphic file (type bmp)
<datasets_files/figure-pdf/cell-62-output-2.png>
[26]
File: datasets_files/figure-pdf/cell-63-output-1.png Graphic file (type bmp)
<datasets_files/figure-pdf/cell-63-output-1.png>
[27] [28]
Overfull \hbox (594.24237pt too wide) in alignment at lines 1575--1581
 [] [] [] [] [] [] [] [] [] [] [] [] [] [] [] [] [] [] [] [] [] [] 
 []


Overfull \hbox (594.24237pt too wide) in alignment at lines 1581--1583
 [] [] [] [] [] [] [] [] [] [] [] [] [] [] [] [] [] [] [] [] [] [] 
 []


Overfull \hbox (675.11906pt too wide) in alignment at lines 1583--1608
 [] [] [] [] [] [] [] [] [] [] [] [] [] [] [] [] [] [] [] [] [] [] 
 []


Package longtable Warning: Column widths have changed
(longtable)                in table 2.7 on input line 1608.


Overfull \hbox (611.00969pt too wide) in paragraph at lines 1621--1621
[]\TU/lmtt/m/n/10.95 /Users/knaaptime/mambaforge/envs/geosnap/lib/python3.12/si
te-packages/mapclassify/classifiers.py:1592: UserWarning: Not enough unique val
ues in array to form 6 classes. Setting k to 5.[] 
 []

[29]
File: datasets_files/figure-pdf/cell-67-output-3.png Graphic file (type bmp)
<datasets_files/figure-pdf/cell-67-output-3.png>
[30]
Overfull \hbox (484.53722pt too wide) in paragraph at lines 1685--1685
[]\TU/lmtt/m/n/10.95 /Users/knaaptime/mambaforge/envs/geosnap/lib/python3.12/si
te-packages/geopandas/plotting.py:777: UserWarning: Numba not installed. Using 
slow pure python version.[] 
 []

File: datasets_files/figure-pdf/cell-73-output-2.png Graphic file (type bmp)
<datasets_files/figure-pdf/cell-73-output-2.png>
[31]
Overfull \hbox (484.53722pt too wide) in paragraph at lines 1732--1732
[]\TU/lmtt/m/n/10.95 /Users/knaaptime/mambaforge/envs/geosnap/lib/python3.12/si
te-packages/geopandas/plotting.py:777: UserWarning: Numba not installed. Using 
slow pure python version.[] 
 []


Overfull \hbox (484.53722pt too wide) in paragraph at lines 1734--1734
[]\TU/lmtt/m/n/10.95 /Users/knaaptime/mambaforge/envs/geosnap/lib/python3.12/si
te-packages/geopandas/plotting.py:777: UserWarning: Numba not installed. Using 
slow pure python version.[] 
 []

File: datasets_files/figure-pdf/cell-75-output-2.png Graphic file (type bmp)
<datasets_files/figure-pdf/cell-75-output-2.png>
[32]
Overfull \hbox (7.39111pt too wide) in paragraph at lines 1788--1788
[]\TU/lmtt/m/n/10.95 Signature: gio.get_gadm(code, level=0, use_fsspec=True, gp
kg=True, n_retries=3)[] 
 []

[33]
Overfull \hbox (145.36108pt too wide) in paragraph at lines 1814--1814
[]\TU/lmtt/m/n/10.95 If not using the fsspec package, this function uses fiona[
]s syntax to read a geodataframe directly with[] 
 []


Overfull \hbox (122.36609pt too wide) in paragraph at lines 1819--1819
[]\TU/lmtt/m/n/10.95 When using fsspec, the function doesn[]t suffer these issu
es, but requires an additional dependency.[] 
 []


Overfull \hbox (59.12985pt too wide) in paragraph at lines 1820--1820
[]\TU/lmtt/m/n/10.95 If fsspec is available, this function its syntax to store 
a temporary file which is then[] 
 []


Overfull \hbox (30.38611pt too wide) in paragraph at lines 1822--1822
[]\TU/lmtt/m/n/10.95 without storing it in a temporary directory, but when read
ing a bytestream of GPKG,[] 
 []


Overfull \hbox (18.88861pt too wide) in paragraph at lines 1823--1823
[]\TU/lmtt/m/n/10.95 geopandas does not allow the specification of a particular
 layer (so reading GPKG[] 
 []


Overfull \hbox (41.8836pt too wide) in paragraph at lines 1824--1824
[]\TU/lmtt/m/n/10.95 with this method would always returns the layer with index
 0 in the geopackage file).[] 
 []


Overfull \hbox (748.97968pt too wide) in paragraph at lines 1836--1836
[]\TU/lmtt/m/n/10.95 WARNING:fiona._env:File /var/folders/79/cknfb1sx2pv16rztkp
g6wzlw0000gn/T/tmpjkcvdm5w/ad91ad4e2a21bd9523e49e9fdeb9e52b1ab40ef843a19d878afa
013e7e8d0f3b has GPKG application_id, but non conformant file extension[] 
 []

File: datasets_files/figure-pdf/cell-79-output-2.png Graphic file (type bmp)
<datasets_files/figure-pdf/cell-79-output-2.png>
[34]
Overfull \hbox (748.97968pt too wide) in paragraph at lines 1864--1864
[]\TU/lmtt/m/n/10.95 WARNING:fiona._env:File /var/folders/79/cknfb1sx2pv16rztkp
g6wzlw0000gn/T/tmplu2pq7g2/b7692212446c1631f41d57a2d788b5ece9f3da0b5ae6208fce65
d404d5134357 has GPKG application_id, but non conformant file extension[] 
 []

File: datasets_files/figure-pdf/cell-82-output-2.png Graphic file (type bmp)
<datasets_files/figure-pdf/cell-82-output-2.png>
[35] [36]
chapter 3.
[37

]
Overfull \hbox (490.28598pt too wide) in paragraph at lines 1966--1966
[]\TU/lmtt/m/n/10.95 /Users/knaaptime/Dropbox/projects/geosnap/geosnap/io/const
ructors.py:215: UserWarning: Currency columns unavailable at this resolution; n
ot adjusting for inflation[] 
 []


Overfull \hbox (381.05975pt too wide) in paragraph at lines 2012--2012
[]\TU/lmtt/m/n/10.95 /Users/knaaptime/Dropbox/projects/geosnap/geosnap/visualiz
e/mapping.py:170: UserWarning: []proplot[] is not installed.  Falling back to m
atplotlib[] 
 []

[38]
File: harmonization_files/figure-pdf/cell-9-output-2.png Graphic file (type bmp
)
<harmonization_files/figure-pdf/cell-9-output-2.png>
[39]
Overfull \hbox (271.83351pt too wide) in paragraph at lines 2061--2061
[]\TU/lmtt/m/n/10.95 /Users/knaaptime/mambaforge/envs/geosnap/lib/python3.11/si
te-packages/geopandas/geodataframe.py:1543: SettingWithCopyWarning:[] 
 []


Overfull \hbox (346.56728pt too wide) in paragraph at lines 2065--2065
[]\TU/lmtt/m/n/10.95 See the caveats in the documentation: https://pandas.pydat
a.org/pandas-docs/stable/user_guide/indexing.html#returning-a-view-versus-a-cop
y[] 
 []


Overfull \hbox (381.05975pt too wide) in paragraph at lines 2090--2090
[]\TU/lmtt/m/n/10.95 /Users/knaaptime/Dropbox/projects/geosnap/geosnap/visualiz
e/mapping.py:170: UserWarning: []proplot[] is not installed.  Falling back to m
atplotlib[] 
 []

[40]
File: harmonization_files/figure-pdf/cell-11-output-2.png Graphic file (type bm
p)
<harmonization_files/figure-pdf/cell-11-output-2.png>
[41]
Overfull \hbox (381.05975pt too wide) in paragraph at lines 2118--2118
[]\TU/lmtt/m/n/10.95 /Users/knaaptime/Dropbox/projects/geosnap/geosnap/visualiz
e/mapping.py:170: UserWarning: []proplot[] is not installed.  Falling back to m
atplotlib[] 
 []

File: harmonization_files/figure-pdf/cell-12-output-2.png Graphic file (type bm
p)
<harmonization_files/figure-pdf/cell-12-output-2.png>
[42]
Overfull \hbox (271.83351pt too wide) in paragraph at lines 2157--2157
[]\TU/lmtt/m/n/10.95 /Users/knaaptime/mambaforge/envs/geosnap/lib/python3.11/si
te-packages/geopandas/geodataframe.py:1543: SettingWithCopyWarning:[] 
 []


Overfull \hbox (346.56728pt too wide) in paragraph at lines 2161--2161
[]\TU/lmtt/m/n/10.95 See the caveats in the documentation: https://pandas.pydat
a.org/pandas-docs/stable/user_guide/indexing.html#returning-a-view-versus-a-cop
y[] 
 []


Overfull \hbox (381.05975pt too wide) in paragraph at lines 2170--2170
[]\TU/lmtt/m/n/10.95 /Users/knaaptime/Dropbox/projects/geosnap/geosnap/visualiz
e/mapping.py:170: UserWarning: []proplot[] is not installed.  Falling back to m
atplotlib[] 
 []

File: harmonization_files/figure-pdf/cell-13-output-4.png Graphic file (type bm
p)
<harmonization_files/figure-pdf/cell-13-output-4.png>
[43] [44]
Overfull \hbox (271.83351pt too wide) in paragraph at lines 2244--2244
[]\TU/lmtt/m/n/10.95 /Users/knaaptime/mambaforge/envs/geosnap/lib/python3.11/si
te-packages/geopandas/geodataframe.py:1543: SettingWithCopyWarning:[] 
 []


Overfull \hbox (346.56728pt too wide) in paragraph at lines 2248--2248
[]\TU/lmtt/m/n/10.95 See the caveats in the documentation: https://pandas.pydat
a.org/pandas-docs/stable/user_guide/indexing.html#returning-a-view-versus-a-cop
y[] 
 []


Overfull \hbox (461.54222pt too wide) in paragraph at lines 2257--2257
[]\TU/lmtt/m/n/10.95 /Users/knaaptime/mambaforge/envs/geosnap/lib/python3.11/si
te-packages/shapely/set_operations.py:131: RuntimeWarning: invalid value encoun
tered in intersection[] 
 []


Overfull \hbox (461.54222pt too wide) in paragraph at lines 2259--2259
[]\TU/lmtt/m/n/10.95 /Users/knaaptime/mambaforge/envs/geosnap/lib/python3.11/si
te-packages/shapely/set_operations.py:131: RuntimeWarning: invalid value encoun
tered in intersection[] 
 []


Overfull \hbox (461.54222pt too wide) in paragraph at lines 2261--2261
[]\TU/lmtt/m/n/10.95 /Users/knaaptime/mambaforge/envs/geosnap/lib/python3.11/si
te-packages/shapely/set_operations.py:131: RuntimeWarning: invalid value encoun
tered in intersection[] 
 []


Overfull \hbox (461.54222pt too wide) in paragraph at lines 2263--2263
[]\TU/lmtt/m/n/10.95 /Users/knaaptime/mambaforge/envs/geosnap/lib/python3.11/si
te-packages/shapely/set_operations.py:131: RuntimeWarning: invalid value encoun
tered in intersection[] 
 []

[45]
Overfull \hbox (461.54222pt too wide) in paragraph at lines 2265--2265
[]\TU/lmtt/m/n/10.95 /Users/knaaptime/mambaforge/envs/geosnap/lib/python3.11/si
te-packages/shapely/set_operations.py:131: RuntimeWarning: invalid value encoun
tered in intersection[] 
 []


Overfull \hbox (461.54222pt too wide) in paragraph at lines 2267--2267
[]\TU/lmtt/m/n/10.95 /Users/knaaptime/mambaforge/envs/geosnap/lib/python3.11/si
te-packages/shapely/set_operations.py:131: RuntimeWarning: invalid value encoun
tered in intersection[] 
 []


Overfull \hbox (461.54222pt too wide) in paragraph at lines 2269--2269
[]\TU/lmtt/m/n/10.95 /Users/knaaptime/mambaforge/envs/geosnap/lib/python3.11/si
te-packages/shapely/set_operations.py:131: RuntimeWarning: invalid value encoun
tered in intersection[] 
 []


Overfull \hbox (381.05975pt too wide) in paragraph at lines 2290--2290
[]\TU/lmtt/m/n/10.95 /Users/knaaptime/Dropbox/projects/geosnap/geosnap/visualiz
e/mapping.py:170: UserWarning: []proplot[] is not installed.  Falling back to m
atplotlib[] 
 []

File: harmonization_files/figure-pdf/cell-15-output-2.png Graphic file (type bm
p)
<harmonization_files/figure-pdf/cell-15-output-2.png>
[46] [47]
Overfull \hbox (1352.59828pt too wide) in paragraph at lines 2338--2338
[]\TU/lmtt/m/n/10.95 /Users/knaaptime/mambaforge/envs/geosnap/lib/python3.11/si
te-packages/pyproj/crs/crs.py:1293: UserWarning: You will likely lose important
 projection information when converting to a PROJ string from another format. S
ee: https://proj.org/faq.html#what-is-the-best-format-for-describing-coordinate
-reference-systems[] 
 []

File: harmonization_files/figure-pdf/cell-19-output-2.png Graphic file (type bm
p)
<harmonization_files/figure-pdf/cell-19-output-2.png>
[48] [49]
Overfull \hbox (381.05975pt too wide) in paragraph at lines 2389--2389
[]\TU/lmtt/m/n/10.95 /Users/knaaptime/Dropbox/projects/geosnap/geosnap/visualiz
e/mapping.py:170: UserWarning: []proplot[] is not installed.  Falling back to m
atplotlib[] 
 []

File: harmonization_files/figure-pdf/cell-21-output-2.png Graphic file (type bm
p)
<harmonization_files/figure-pdf/cell-21-output-2.png>
[50]
chapter 4.

Overfull \hbox (432.79852pt too wide) in paragraph at lines 2451--2451
[]\TU/lmtt/m/n/10.95 /Users/knaaptime/Dropbox/projects/geosnap/geosnap/io/util.
py:275: UserWarning: Unable to find local adjustment year for 2021. Attempting 
from online data[] 
 []


Overfull \hbox (490.28598pt too wide) in paragraph at lines 2453--2453
[]\TU/lmtt/m/n/10.95 /Users/knaaptime/Dropbox/projects/geosnap/geosnap/io/const
ructors.py:215: UserWarning: Currency columns unavailable at this resolution; n
ot adjusting for inflation[] 
 []

[51

]
Overfull \hbox (508.53017pt too wide) in alignment at lines 2512--2519
 [] [] [] [] [] [] [] [] [] 
 []


Overfull \hbox (508.53017pt too wide) in alignment at lines 2519--2521
 [] [] [] [] [] [] [] [] [] 
 []


Overfull \hbox (530.43018pt too wide) in alignment at lines 2521--2543
 [] [] [] [] [] [] [] [] [] 
 []


Package longtable Warning: Column widths have changed
(longtable)                in table 4.1 on input line 2543.

[52]
Overfull \hbox (697.24092pt too wide) in paragraph at lines 2557--2557
[]\TU/lmtt/m/n/10.95 /Users/knaaptime/mambaforge/envs/geosnap/lib/python3.11/si
te-packages/sklearn/cluster/_kmeans.py:1420: FutureWarning: algorithm=[]auto[] 
is deprecated, it will be removed in 1.3. Using []lloyd[] instead.[] 
 []

[53]
Overfull \hbox (185.60233pt too wide) in paragraph at lines 2607--2607
[]\TU/lmtt/m/n/10.95 array([<Axes: title={[]center[]: []median_household_income
[]}, xlabel=[]kmeans[], ylabel=[]median_household_income[]>,[] 
 []


Overfull \hbox (116.61734pt too wide) in paragraph at lines 2608--2608
[]       \TU/lmtt/m/n/10.95 <Axes: title={[]center[]: []median_home_value[]}, x
label=[]kmeans[], ylabel=[]median_home_value[]>,[] 
 []


Overfull \hbox (162.60733pt too wide) in paragraph at lines 2609--2609
[]       \TU/lmtt/m/n/10.95 <Axes: title={[]center[]: []p_edu_college_greater[]
}, xlabel=[]kmeans[], ylabel=[]p_edu_college_greater[]>,[] 
 []


Overfull \hbox (70.62735pt too wide) in paragraph at lines 2610--2610
[]       \TU/lmtt/m/n/10.95 <Axes: title={[]center[]: []p_edu_hs_less[]}, xlabe
l=[]kmeans[], ylabel=[]p_edu_hs_less[]>,[] 
 []


Overfull \hbox (185.60233pt too wide) in paragraph at lines 2611--2611
[]       \TU/lmtt/m/n/10.95 <Axes: title={[]center[]: []p_nonhisp_white_persons
[]}, xlabel=[]kmeans[], ylabel=[]p_nonhisp_white_persons[]>,[] 
 []


Overfull \hbox (185.60233pt too wide) in paragraph at lines 2612--2612
[]       \TU/lmtt/m/n/10.95 <Axes: title={[]center[]: []p_nonhisp_black_persons
[]}, xlabel=[]kmeans[], ylabel=[]p_nonhisp_black_persons[]>,[] 
 []


Overfull \hbox (128.11484pt too wide) in paragraph at lines 2613--2613
[]       \TU/lmtt/m/n/10.95 <Axes: title={[]center[]: []p_hispanic_persons[]}, 
xlabel=[]kmeans[], ylabel=[]p_hispanic_persons[]>,[] 
 []


Overfull \hbox (93.62234pt too wide) in paragraph at lines 2614--2614
[]       \TU/lmtt/m/n/10.95 <Axes: title={[]center[]: []p_asian_persons[]}, xla
bel=[]kmeans[], ylabel=[]p_asian_persons[]>,[] 
 []

File: clustering_files/figure-pdf/cell-15-output-2.png Graphic file (type bmp)
<clustering_files/figure-pdf/cell-15-output-2.png>
[54]
Overfull \hbox (174.10483pt too wide) in paragraph at lines 2643--2643
[]\TU/lmtt/m/n/10.95 <Axes: title={[]center[]: []Silhouette Score[]}, xlabel=[]
Silhouette coefficient values[], ylabel=[]Cluster label[]>[] 
 []

File: clustering_files/figure-pdf/cell-18-output-2.png Graphic file (type bmp)
<clustering_files/figure-pdf/cell-18-output-2.png>

Overfull \hbox (381.05975pt too wide) in paragraph at lines 2661--2661
[]\TU/lmtt/m/n/10.95 /Users/knaaptime/Dropbox/projects/geosnap/geosnap/visualiz
e/mapping.py:170: UserWarning: []proplot[] is not installed.  Falling back to m
atplotlib[] 
 []

[55]
File: clustering_files/figure-pdf/cell-19-output-3.png Graphic file (type bmp)
<clustering_files/figure-pdf/cell-19-output-3.png>
[56]

LaTeX Warning: File `https://scikit-learn.org/stable/_images/sphx_glr_plot_clus
ter_comparison_001.png' not found on input line 2690.

! Unable to load picture or PDF file 'https://scikit-learn.org/stable/_images/s
phx_glr_plot_cluster_comparison_001.png'.
<to be read again> 
                   }
l.2690 ...phx_glr_plot_cluster_comparison_001.png}
                                                   
Here is how much of TeX's memory you used:
 38202 strings out of 476683
 801876 string characters out of 5804047
 1880018 words of memory out of 5000000
 57845 multiletter control sequences out of 15000+600000
 516204 words of font info for 67 fonts, out of 8000000 for 9000
 1348 hyphenation exceptions out of 8191
 122i,8n,121p,10610b,1000s stack positions out of 10000i,1000n,20000p,200000b,200000s

Output written on index.pdf (56 pages).
